<?xml version="1.0" encoding="UTF-8"?>
<TestRun id="5e261896-df6d-4039-896c-6bf5bee55471" name="v-arkouk@ARAMK2 2015-08-27 16:32:21" runUser="REDMOND\v-arkouk" xmlns="http://microsoft.com/schemas/VisualStudio/TeamTest/2010">
  <TestSettings name="Default Test Settings" id="80c97887-e8ff-48f4-af0b-3e6febe62a2d">
    <Deployment userDeploymentRoot="C:\SecurityWebApiAutomationTestExecution\AutomationTestResults" useDefaultDeploymentRoot="false" runDeploymentRoot="v-arkouk_ARAMK2 2015-08-27 16_32_21" />
    <Execution>
      <TestTypeSpecific />
      <AgentRule name="Execution Agents">
      </AgentRule>
    </Execution>
    <Properties />
  </TestSettings>
  <Times creation="2015-08-27T16:32:21.9606717-07:00" queuing="2015-08-27T16:32:26.8656824-07:00" start="2015-08-27T16:32:27.0007796-07:00" finish="2015-08-27T16:37:28.4982310-07:00" />
  <ResultSummary outcome="Failed">
    <Counters total="176" executed="176" passed="86" error="0" failed="90" timeout="0" aborted="0" inconclusive="0" passedButRunAborted="0" notRunnable="0" notExecuted="0" disconnected="0" warning="0" completed="0" inProgress="0" pending="0" />
    <RunInfos>
      <RunInfo computerName="ARAMK2" outcome="Warning" timestamp="2015-08-27T16:32:26.8136465-07:00">
        <Text>Warning: Test Run deployment issue: The assembly or module 'interop.shdocvw' directly or indirectly referenced by the test container 'c:\ngvl\sqa\automation\main\laminar.automation\laminar.automation.services.securitywebapi.test\bin\debug\laminar.automation.services.securitywebapi.test.dll' was not found.</Text>
      </RunInfo>
      <RunInfo computerName="ARAMK2" outcome="Warning" timestamp="2015-08-27T16:32:26.8136465-07:00">
        <Text>Warning: Test Run deployment issue: The assembly or module 'Microsoft.SharePoint' directly or indirectly referenced by the test container 'c:\ngvl\sqa\automation\main\laminar.automation\laminar.automation.services.securitywebapi.test\bin\debug\laminar.automation.services.securitywebapi.test.dll' was not found.</Text>
      </RunInfo>
      <RunInfo computerName="ARAMK2" outcome="Warning" timestamp="2015-08-27T16:32:26.8136465-07:00">
        <Text>Warning: Test Run deployment issue: The assembly or module 'Microsoft.SharePoint.Security' directly or indirectly referenced by the test container 'c:\ngvl\sqa\automation\main\laminar.automation\laminar.automation.services.securitywebapi.test\bin\debug\laminar.automation.services.securitywebapi.test.dll' was not found.</Text>
      </RunInfo>
      <RunInfo computerName="ARAMK2" outcome="Warning" timestamp="2015-08-27T16:32:26.8136465-07:00">
        <Text>Warning: Test Run deployment issue: The assembly or module 'Microsoft.SharePoint.PowerShell' directly or indirectly referenced by the test container 'c:\ngvl\sqa\automation\main\laminar.automation\laminar.automation.services.securitywebapi.test\bin\debug\laminar.automation.services.securitywebapi.test.dll' was not found.</Text>
      </RunInfo>
      <RunInfo computerName="ARAMK2" outcome="Warning" timestamp="2015-08-27T16:32:26.8136465-07:00">
        <Text>Warning: Test Run deployment issue: The assembly or module 'Microsoft.Office.Server.UserProfiles' directly or indirectly referenced by the test container 'c:\ngvl\sqa\automation\main\laminar.automation\laminar.automation.services.securitywebapi.test\bin\debug\laminar.automation.services.securitywebapi.test.dll' was not found.</Text>
      </RunInfo>
      <RunInfo computerName="ARAMK2" outcome="Warning" timestamp="2015-08-27T16:32:26.8136465-07:00">
        <Text>Warning: Test Run deployment issue: The assembly or module 'Microsoft.Office.Server.Diagnostics' directly or indirectly referenced by the test container 'c:\ngvl\sqa\automation\main\laminar.automation\laminar.automation.services.securitywebapi.test\bin\debug\laminar.automation.services.securitywebapi.test.dll' was not found.</Text>
      </RunInfo>
      <RunInfo computerName="ARAMK2" outcome="Warning" timestamp="2015-08-27T16:32:26.8136465-07:00">
        <Text>Warning: Test Run deployment issue: The assembly or module 'Microsoft.Office.Server.UI' directly or indirectly referenced by the test container 'c:\ngvl\sqa\automation\main\laminar.automation\laminar.automation.services.securitywebapi.test\bin\debug\laminar.automation.services.securitywebapi.test.dll' was not found.</Text>
      </RunInfo>
      <RunInfo computerName="ARAMK2" outcome="Warning" timestamp="2015-08-27T16:32:26.8136465-07:00">
        <Text>Warning: Test Run deployment issue: The assembly or module 'Microsoft.BusinessData' directly or indirectly referenced by the test container 'c:\ngvl\sqa\automation\main\laminar.automation\laminar.automation.services.securitywebapi.test\bin\debug\laminar.automation.services.securitywebapi.test.dll' was not found.</Text>
      </RunInfo>
      <RunInfo computerName="ARAMK2" outcome="Warning" timestamp="2015-08-27T16:32:26.8136465-07:00">
        <Text>Warning: Test Run deployment issue: The assembly or module 'Microsoft.Office.Server.FilterControls' directly or indirectly referenced by the test container 'c:\ngvl\sqa\automation\main\laminar.automation\laminar.automation.services.securitywebapi.test\bin\debug\laminar.automation.services.securitywebapi.test.dll' was not found.</Text>
      </RunInfo>
      <RunInfo computerName="ARAMK2" outcome="Warning" timestamp="2015-08-27T16:32:26.8136465-07:00">
        <Text>Warning: Test Run deployment issue: The assembly or module 'Microsoft.HtmlTrans.Interface' directly or indirectly referenced by the test container 'c:\ngvl\sqa\automation\main\laminar.automation\laminar.automation.services.securitywebapi.test\bin\debug\laminar.automation.services.securitywebapi.test.dll' was not found.</Text>
      </RunInfo>
      <RunInfo computerName="ARAMK2" outcome="Warning" timestamp="2015-08-27T16:32:26.8136465-07:00">
        <Text>Warning: Test Run deployment issue: The assembly or module 'Microsoft.Web.Constraint' directly or indirectly referenced by the test container 'c:\ngvl\sqa\automation\main\laminar.automation\laminar.automation.services.securitywebapi.test\bin\debug\laminar.automation.services.securitywebapi.test.dll' was not found.</Text>
      </RunInfo>
      <RunInfo computerName="ARAMK2" outcome="Warning" timestamp="2015-08-27T16:32:26.8136465-07:00">
        <Text>Warning: Test Run deployment issue: The assembly or module 'Microsoft.Web.CommandUI' directly or indirectly referenced by the test container 'c:\ngvl\sqa\automation\main\laminar.automation\laminar.automation.services.securitywebapi.test\bin\debug\laminar.automation.services.securitywebapi.test.dll' was not found.</Text>
      </RunInfo>
      <RunInfo computerName="ARAMK2" outcome="Warning" timestamp="2015-08-27T16:32:26.8136465-07:00">
        <Text>Warning: Test Run deployment issue: The assembly or module 'Microsoft.Office.Excel.WebUI' directly or indirectly referenced by the test container 'c:\ngvl\sqa\automation\main\laminar.automation\laminar.automation.services.securitywebapi.test\bin\debug\laminar.automation.services.securitywebapi.test.dll' was not found.</Text>
      </RunInfo>
      <RunInfo computerName="ARAMK2" outcome="Warning" timestamp="2015-08-27T16:32:26.8136465-07:00">
        <Text>Warning: Test Run deployment issue: The assembly or module 'Microsoft.AnalysisServices.AdomdClient' directly or indirectly referenced by the test container 'c:\ngvl\sqa\automation\main\laminar.automation\laminar.automation.services.securitywebapi.test\bin\debug\laminar.automation.services.securitywebapi.test.dll' was not found.</Text>
      </RunInfo>
      <RunInfo computerName="ARAMK2" outcome="Warning" timestamp="2015-08-27T16:32:26.8136465-07:00">
        <Text>Warning: Test Run deployment issue: The assembly or module 'Microsoft.Office.Excel.Server.WebServices' directly or indirectly referenced by the test container 'c:\ngvl\sqa\automation\main\laminar.automation\laminar.automation.services.securitywebapi.test\bin\debug\laminar.automation.services.securitywebapi.test.dll' was not found.</Text>
      </RunInfo>
      <RunInfo computerName="ARAMK2" outcome="Warning" timestamp="2015-08-27T16:32:26.8136465-07:00">
        <Text>Warning: Test Run deployment issue: The assembly or module 'Microsoft.Office.Server.UserProfiles.Synchronization' directly or indirectly referenced by the test container 'c:\ngvl\sqa\automation\main\laminar.automation\laminar.automation.services.securitywebapi.test\bin\debug\laminar.automation.services.securitywebapi.test.dll' was not found.</Text>
      </RunInfo>
      <RunInfo computerName="ARAMK2" outcome="Warning" timestamp="2015-08-27T16:32:26.8136465-07:00">
        <Text>Warning: Test Run deployment issue: The assembly or module 'Microsoft.Office.DocumentManagement' directly or indirectly referenced by the test container 'c:\ngvl\sqa\automation\main\laminar.automation\laminar.automation.services.securitywebapi.test\bin\debug\laminar.automation.services.securitywebapi.test.dll' was not found.</Text>
      </RunInfo>
      <RunInfo computerName="ARAMK2" outcome="Warning" timestamp="2015-08-27T16:32:26.8136465-07:00">
        <Text>Warning: Test Run deployment issue: The assembly or module 'Microsoft.Office.SecureStoreService' directly or indirectly referenced by the test container 'c:\ngvl\sqa\automation\main\laminar.automation\laminar.automation.services.securitywebapi.test\bin\debug\laminar.automation.services.securitywebapi.test.dll' was not found.</Text>
      </RunInfo>
      <RunInfo computerName="ARAMK2" outcome="Warning" timestamp="2015-08-27T16:32:26.8136465-07:00">
        <Text>Warning: Test Run deployment issue: The assembly or module 'Microsoft.Office.Server.Chart' directly or indirectly referenced by the test container 'c:\ngvl\sqa\automation\main\laminar.automation\laminar.automation.services.securitywebapi.test\bin\debug\laminar.automation.services.securitywebapi.test.dll' was not found.</Text>
      </RunInfo>
      <RunInfo computerName="ARAMK2" outcome="Warning" timestamp="2015-08-27T16:32:26.8136465-07:00">
        <Text>Warning: Test Run deployment issue: The assembly or module 'Microsoft.SharePoint.Search' directly or indirectly referenced by the test container 'c:\ngvl\sqa\automation\main\laminar.automation\laminar.automation.services.securitywebapi.test\bin\debug\laminar.automation.services.securitywebapi.test.dll' was not found.</Text>
      </RunInfo>
      <RunInfo computerName="ARAMK2" outcome="Warning" timestamp="2015-08-27T16:32:26.8136465-07:00">
        <Text>Warning: Test Run deployment issue: The assembly or module 'Microsoft.SharePoint.Search.Extended.Administration' directly or indirectly referenced by the test container 'c:\ngvl\sqa\automation\main\laminar.automation\laminar.automation.services.securitywebapi.test\bin\debug\laminar.automation.services.securitywebapi.test.dll' was not found.</Text>
      </RunInfo>
      <RunInfo computerName="ARAMK2" outcome="Warning" timestamp="2015-08-27T16:32:26.8136465-07:00">
        <Text>Warning: Test Run deployment issue: The assembly or module 'Microsoft.SharePoint.Search.Extended.Query' directly or indirectly referenced by the test container 'c:\ngvl\sqa\automation\main\laminar.automation\laminar.automation.services.securitywebapi.test\bin\debug\laminar.automation.services.securitywebapi.test.dll' was not found.</Text>
      </RunInfo>
      <RunInfo computerName="ARAMK2" outcome="Warning" timestamp="2015-08-27T16:32:26.8136465-07:00">
        <Text>Warning: Test Run deployment issue: The assembly or module 'Microsoft.SharePoint.Search.Extended.Administration.ResourceStorage' directly or indirectly referenced by the test container 'c:\ngvl\sqa\automation\main\laminar.automation\laminar.automation.services.securitywebapi.test\bin\debug\laminar.automation.services.securitywebapi.test.dll' was not found.</Text>
      </RunInfo>
      <RunInfo computerName="ARAMK2" outcome="Warning" timestamp="2015-08-27T16:32:26.8136465-07:00">
        <Text>Warning: Test Run deployment issue: The assembly or module 'BihConsumerInterop' directly or indirectly referenced by the test container 'c:\ngvl\sqa\automation\main\laminar.automation\laminar.automation.services.securitywebapi.test\bin\debug\laminar.automation.services.securitywebapi.test.dll' was not found.</Text>
      </RunInfo>
      <RunInfo computerName="ARAMK2" outcome="Warning" timestamp="2015-08-27T16:32:26.8136465-07:00">
        <Text>Warning: Test Run deployment issue: The assembly or module 'Microsoft.SharePoint.Search.Extended.Administration.Common' directly or indirectly referenced by the test container 'c:\ngvl\sqa\automation\main\laminar.automation\laminar.automation.services.securitywebapi.test\bin\debug\laminar.automation.services.securitywebapi.test.dll' was not found.</Text>
      </RunInfo>
      <RunInfo computerName="ARAMK2" outcome="Warning" timestamp="2015-08-27T16:32:26.8136465-07:00">
        <Text>Warning: Test Run deployment issue: The assembly or module 'Microsoft.Office.Server.Search.Connector' directly or indirectly referenced by the test container 'c:\ngvl\sqa\automation\main\laminar.automation\laminar.automation.services.securitywebapi.test\bin\debug\laminar.automation.services.securitywebapi.test.dll' was not found.</Text>
      </RunInfo>
      <RunInfo computerName="ARAMK2" outcome="Warning" timestamp="2015-08-27T16:32:26.8136465-07:00">
        <Text>Warning: Test Run deployment issue: The assembly or module 'Microsoft.Practices.EnterpriseLibrary.Data' directly or indirectly referenced by the test container 'c:\ngvl\sqa\automation\main\laminar.automation\laminar.automation.services.securitywebapi.test\bin\debug\laminar.automation.services.securitywebapi.test.dll' was not found.</Text>
      </RunInfo>
      <RunInfo computerName="ARAMK2" outcome="Warning" timestamp="2015-08-27T16:32:26.8136465-07:00">
        <Text>Warning: Test Run deployment issue: The assembly or module 'Microsoft.Practices.Unity' directly or indirectly referenced by the test container 'c:\ngvl\sqa\automation\main\laminar.automation\laminar.automation.services.securitywebapi.test\bin\debug\laminar.automation.services.securitywebapi.test.dll' was not found.</Text>
      </RunInfo>
      <RunInfo computerName="ARAMK2" outcome="Warning" timestamp="2015-08-27T16:32:26.8136465-07:00">
        <Text>Warning: Test Run deployment issue: The assembly or module 'Microsoft.Stratum.Modularity' directly or indirectly referenced by the test container 'c:\ngvl\sqa\automation\main\laminar.automation\laminar.automation.services.securitywebapi.test\bin\debug\laminar.automation.services.securitywebapi.test.dll' was not found.</Text>
      </RunInfo>
      <RunInfo computerName="ARAMK2" outcome="Warning" timestamp="2015-08-27T16:32:26.8146462-07:00">
        <Text>Warning: Test Run deployment issue: The assembly or module 'Microsoft.IT.Commerce.Core' directly or indirectly referenced by the test container 'c:\ngvl\sqa\automation\main\laminar.automation\laminar.automation.services.securitywebapi.test\bin\debug\laminar.automation.services.securitywebapi.test.dll' was not found.</Text>
      </RunInfo>
      <RunInfo computerName="ARAMK2" outcome="Warning" timestamp="2015-08-27T16:32:26.8146462-07:00">
        <Text>Warning: Test Run deployment issue: The assembly or module 'Microsoft.IT.Licensing.Core' directly or indirectly referenced by the test container 'c:\ngvl\sqa\automation\main\laminar.automation\laminar.automation.services.securitywebapi.test\bin\debug\laminar.automation.services.securitywebapi.test.dll' was not found.</Text>
      </RunInfo>
      <RunInfo computerName="ARAMK2" outcome="Warning" timestamp="2015-08-27T16:32:26.8146462-07:00">
        <Text>Warning: Test Run deployment issue: The assembly or module 'System.IdentityModel.Tokens.ValidatingIssuerNameRegistry' directly or indirectly referenced by the test container 'c:\ngvl\sqa\automation\main\laminar.automation\laminar.automation.services.securitywebapi.test\bin\debug\laminar.automation.services.securitywebapi.test.dll' was not found.</Text>
      </RunInfo>
      <RunInfo computerName="ARAMK2" outcome="Warning" timestamp="2015-08-27T16:32:26.8146462-07:00">
        <Text>Warning: Test Run deployment issue: The assembly or module 'Microsoft.Practices.Unity.Configuration' directly or indirectly referenced by the test container 'c:\ngvl\sqa\automation\main\laminar.automation\laminar.automation.services.securitywebapi.test\bin\debug\laminar.automation.services.securitywebapi.test.dll' was not found.</Text>
      </RunInfo>
      <RunInfo computerName="ARAMK2" outcome="Warning" timestamp="2015-08-27T16:32:26.8146462-07:00">
        <Text>Warning: Test Run deployment issue: The assembly or module 'Microsoft.Practices.Unity.Interception' directly or indirectly referenced by the test container 'c:\ngvl\sqa\automation\main\laminar.automation\laminar.automation.services.securitywebapi.test\bin\debug\laminar.automation.services.securitywebapi.test.dll' was not found.</Text>
      </RunInfo>
      <RunInfo computerName="ARAMK2" outcome="Warning" timestamp="2015-08-27T16:32:26.8146462-07:00">
        <Text>Warning: Test Run deployment issue: The assembly or module 'Microsoft.Practices.EnterpriseLibrary.PolicyInjection' directly or indirectly referenced by the test container 'c:\ngvl\sqa\automation\main\laminar.automation\laminar.automation.services.securitywebapi.test\bin\debug\laminar.automation.services.securitywebapi.test.dll' was not found.</Text>
      </RunInfo>
      <RunInfo computerName="ARAMK2" outcome="Warning" timestamp="2015-08-27T16:32:26.8146462-07:00">
        <Text>Warning: Test Run deployment issue: The assembly or module 'Microsoft.Stratum.Modularity.Unity' directly or indirectly referenced by the test container 'c:\ngvl\sqa\automation\main\laminar.automation\laminar.automation.services.securitywebapi.test\bin\debug\laminar.automation.services.securitywebapi.test.dll' was not found.</Text>
      </RunInfo>
      <RunInfo computerName="ARAMK2" outcome="Warning" timestamp="2015-08-27T16:32:26.8146462-07:00">
        <Text>Warning: Test Run deployment issue: The assembly or module 'Microsoft.IT.Licensing.Core.Caching.Wsaf' directly or indirectly referenced by the test container 'c:\ngvl\sqa\automation\main\laminar.automation\laminar.automation.services.securitywebapi.test\bin\debug\laminar.automation.services.securitywebapi.test.dll' was not found.</Text>
      </RunInfo>
    </RunInfos>
  </ResultSummary>
  <TestDefinitions>
    <UnitTest name="SecurityWebApi_PostCloneExistingInvitation_InviteNotFound_491152" storage="c:\ngvl\sqa\automation\main\laminar.automation\laminar.automation.services.securitywebapi.test\bin\debug\laminar.automation.services.securitywebapi.test.dll" id="517cd053-4c11-d12f-8a8a-96c24700bda3">
      <Description>[API]: POST api/Invitation/{InvitationKey}/Clone - Verify 404 response code when invite record is not found with InvitationKey provided</Description>
      <TestCategory>
        <TestCategoryItem TestCategory="SecurityWebApi_Service" />
        <TestCategoryItem TestCategory="P1" />
        <TestCategoryItem TestCategory="AutoBVT" />
        <TestCategoryItem TestCategory="BL6Phase1" />
      </TestCategory>
      <Execution id="0d376dc1-22d3-4f05-99fd-74732ad5fdbb" />
      <Workitems>
        <Workitem>491152</Workitem>
      </Workitems>
      <Properties>
        <Property>
          <Key>__Internal_AsyncTypeName__</Key>
          <Value>Laminar.Automation.Services.SecurityWebApi.Test.TestMethods.InvitationTest+&lt;SecurityWebApi_PostCloneExistingInvitation_InviteNotFound_491152&gt;d__2f6</Value>
        </Property>
      </Properties>
      <TestMethod codeBase="C:/NGVL/SQA/Automation/Main/Laminar.Automation/Laminar.Automation.Services.SecurityWebApi.Test/bin/Debug/Laminar.Automation.Services.SecurityWebApi.Test.DLL" adapterTypeName="Microsoft.VisualStudio.TestTools.TestTypes.Unit.UnitTestAdapter, Microsoft.VisualStudio.QualityTools.Tips.UnitTest.Adapter, Version=12.0.0.0, Culture=neutral, PublicKeyToken=b03f5f7f11d50a3a" className="Laminar.Automation.Services.SecurityWebApi.Test.TestMethods.InvitationTest, Laminar.Automation.Services.SecurityWebApi.Test, Version=1.0.0.0, Culture=neutral, PublicKeyToken=null" name="SecurityWebApi_PostCloneExistingInvitation_InviteNotFound_491152" />
    </UnitTest>
    <UnitTest name="GetTenantMapsByIdHappyPathDatamatchesWithTenantMapInDB_478044" storage="c:\ngvl\sqa\automation\main\laminar.automation\laminar.automation.services.securitywebapi.test\bin\debug\laminar.automation.services.securitywebapi.test.dll" id="716e7df5-f67a-9dce-7459-9b63772bdd0f">
      <Description>[API]: GET Tenants/{id}/Maps - Verify that tenantmap info returned matches with the data available in tenant map table with 200 status code</Description>
      <TestCategory>
        <TestCategoryItem TestCategory="SecurityWebApi_Service" />
        <TestCategoryItem TestCategory="AutoBVT" />
        <TestCategoryItem TestCategory="P2" />
      </TestCategory>
      <Execution id="6c5c4c7e-3a94-4f38-95b9-6be20c64e87e" />
      <Workitems>
        <Workitem>478044</Workitem>
      </Workitems>
      <Properties>
        <Property>
          <Key>__Internal_AsyncTypeName__</Key>
          <Value>Laminar.Automation.Services.SecurityWebApi.Test.TestMethods.TenantEndPointsTest+&lt;GetTenantMapsByIdHappyPathDatamatchesWithTenantMapInDB_478044&gt;d__97</Value>
        </Property>
      </Properties>
      <TestMethod codeBase="C:/NGVL/SQA/Automation/Main/Laminar.Automation/Laminar.Automation.Services.SecurityWebApi.Test/bin/Debug/Laminar.Automation.Services.SecurityWebApi.Test.DLL" adapterTypeName="Microsoft.VisualStudio.TestTools.TestTypes.Unit.UnitTestAdapter, Microsoft.VisualStudio.QualityTools.Tips.UnitTest.Adapter, Version=12.0.0.0, Culture=neutral, PublicKeyToken=b03f5f7f11d50a3a" className="Laminar.Automation.Services.SecurityWebApi.Test.TestMethods.TenantEndPointsTest, Laminar.Automation.Services.SecurityWebApi.Test, Version=1.0.0.0, Culture=neutral, PublicKeyToken=null" name="GetTenantMapsByIdHappyPathDatamatchesWithTenantMapInDB_478044" />
    </UnitTest>
    <UnitTest name="SecurityWebApi_PostCloneExistingInvitation_HappyPath_491151" storage="c:\ngvl\sqa\automation\main\laminar.automation\laminar.automation.services.securitywebapi.test\bin\debug\laminar.automation.services.securitywebapi.test.dll" id="80d149d4-b5b2-ea2d-6bf9-f8534626b279">
      <Description>[API]: POST api/Invitation/{InvitationKey}/Clone - Verify data is properly updated in the database when a valid call is made</Description>
      <TestCategory>
        <TestCategoryItem TestCategory="SecurityWebApi_Service" />
        <TestCategoryItem TestCategory="P1" />
        <TestCategoryItem TestCategory="AutoBVT" />
        <TestCategoryItem TestCategory="BL6Phase1" />
      </TestCategory>
      <Execution id="45f94c94-f4e0-48e1-a3d4-3d90c32c0155" />
      <Workitems>
        <Workitem>491151</Workitem>
      </Workitems>
      <Properties>
        <Property>
          <Key>__Internal_AsyncTypeName__</Key>
          <Value>Laminar.Automation.Services.SecurityWebApi.Test.TestMethods.InvitationTest+&lt;SecurityWebApi_PostCloneExistingInvitation_HappyPath_491151&gt;d__283</Value>
        </Property>
      </Properties>
      <TestMethod codeBase="C:/NGVL/SQA/Automation/Main/Laminar.Automation/Laminar.Automation.Services.SecurityWebApi.Test/bin/Debug/Laminar.Automation.Services.SecurityWebApi.Test.DLL" adapterTypeName="Microsoft.VisualStudio.TestTools.TestTypes.Unit.UnitTestAdapter, Microsoft.VisualStudio.QualityTools.Tips.UnitTest.Adapter, Version=12.0.0.0, Culture=neutral, PublicKeyToken=b03f5f7f11d50a3a" className="Laminar.Automation.Services.SecurityWebApi.Test.TestMethods.InvitationTest, Laminar.Automation.Services.SecurityWebApi.Test, Version=1.0.0.0, Culture=neutral, PublicKeyToken=null" name="SecurityWebApi_PostCloneExistingInvitation_HappyPath_491151" />
    </UnitTest>
    <UnitTest name="SecurityWebApi_UpdateInvitation_PartnerAgreementCreator_HappyPath_499737" storage="c:\ngvl\sqa\automation\main\laminar.automation\laminar.automation.services.securitywebapi.test\bin\debug\laminar.automation.services.securitywebapi.test.dll" id="1d1a74a4-436f-0e4d-a112-5c7bf531a801">
      <Description>[API]: PUT api/Update invitation by invitation key -  PartnerAgreementCreator user test</Description>
      <TestCategory>
        <TestCategoryItem TestCategory="SecurityWebApi_Service" />
        <TestCategoryItem TestCategory="P1" />
        <TestCategoryItem TestCategory="AutoBVT" />
        <TestCategoryItem TestCategory="BL6Phase1" />
      </TestCategory>
      <Execution id="061e2456-c4c4-43eb-90a0-cfc1e1f3174f" />
      <Workitems>
        <Workitem>499737</Workitem>
      </Workitems>
      <Properties>
        <Property>
          <Key>__Internal_AsyncTypeName__</Key>
          <Value>Laminar.Automation.Services.SecurityWebApi.Test.TestMethods.InvitationTest+&lt;SecurityWebApi_UpdateInvitation_PartnerAgreementCreator_HappyPath_499737&gt;d__234</Value>
        </Property>
      </Properties>
      <TestMethod codeBase="C:/NGVL/SQA/Automation/Main/Laminar.Automation/Laminar.Automation.Services.SecurityWebApi.Test/bin/Debug/Laminar.Automation.Services.SecurityWebApi.Test.DLL" adapterTypeName="Microsoft.VisualStudio.TestTools.TestTypes.Unit.UnitTestAdapter, Microsoft.VisualStudio.QualityTools.Tips.UnitTest.Adapter, Version=12.0.0.0, Culture=neutral, PublicKeyToken=b03f5f7f11d50a3a" className="Laminar.Automation.Services.SecurityWebApi.Test.TestMethods.InvitationTest, Laminar.Automation.Services.SecurityWebApi.Test, Version=1.0.0.0, Culture=neutral, PublicKeyToken=null" name="SecurityWebApi_UpdateInvitation_PartnerAgreementCreator_HappyPath_499737" />
    </UnitTest>
    <UnitTest name="SecurityWebApi_GetInvitationByInvitationKey_PartnerAgreementCreatorNoAgreementAccess_499711" storage="c:\ngvl\sqa\automation\main\laminar.automation\laminar.automation.services.securitywebapi.test\bin\debug\laminar.automation.services.securitywebapi.test.dll" id="8e10d0a3-c01b-3a73-5bfd-199a6a40b21f">
      <Description>[API]: GET api/Invitation by invitation key - PartnerAgreementCreator with no access to corresponding agreement user test</Description>
      <TestCategory>
        <TestCategoryItem TestCategory="SecurityWebApi_Service" />
        <TestCategoryItem TestCategory="P1" />
        <TestCategoryItem TestCategory="AutoBVT" />
        <TestCategoryItem TestCategory="BL6_July" />
      </TestCategory>
      <Execution id="21f9c130-cebc-4883-aa15-c4f8e1118660" />
      <Workitems>
        <Workitem>499711</Workitem>
      </Workitems>
      <Properties>
        <Property>
          <Key>__Internal_AsyncTypeName__</Key>
          <Value>Laminar.Automation.Services.SecurityWebApi.Test.TestMethods.InvitationTest+&lt;SecurityWebApi_GetInvitationByInvitationKey_PartnerAgreementCreatorNoAgreementAccess_499711&gt;d__86</Value>
        </Property>
      </Properties>
      <TestMethod codeBase="C:/NGVL/SQA/Automation/Main/Laminar.Automation/Laminar.Automation.Services.SecurityWebApi.Test/bin/Debug/Laminar.Automation.Services.SecurityWebApi.Test.DLL" adapterTypeName="Microsoft.VisualStudio.TestTools.TestTypes.Unit.UnitTestAdapter, Microsoft.VisualStudio.QualityTools.Tips.UnitTest.Adapter, Version=12.0.0.0, Culture=neutral, PublicKeyToken=b03f5f7f11d50a3a" className="Laminar.Automation.Services.SecurityWebApi.Test.TestMethods.InvitationTest, Laminar.Automation.Services.SecurityWebApi.Test, Version=1.0.0.0, Culture=neutral, PublicKeyToken=null" name="SecurityWebApi_GetInvitationByInvitationKey_PartnerAgreementCreatorNoAgreementAccess_499711" />
    </UnitTest>
    <UnitTest name="SecurityWebApi_GetTenantMapBySearchCriteria_NoAuthHeader_491070" storage="c:\ngvl\sqa\automation\main\laminar.automation\laminar.automation.services.securitywebapi.test\bin\debug\laminar.automation.services.securitywebapi.test.dll" id="2c9de3d0-340d-aa49-4323-8cdebc105d48">
      <Description>[API]: GET api/Invitation?AccountNumber... Verify 401 response code for service call when called without an authorization header</Description>
      <TestCategory>
        <TestCategoryItem TestCategory="SecurityWebApi_Service" />
        <TestCategoryItem TestCategory="P1" />
        <TestCategoryItem TestCategory="AutoBVT" />
      </TestCategory>
      <Execution id="3d812a86-a037-4280-85fb-cfef058ae6fe" />
      <Workitems>
        <Workitem>491070</Workitem>
      </Workitems>
      <Properties>
        <Property>
          <Key>__Internal_AsyncTypeName__</Key>
          <Value>Laminar.Automation.Services.SecurityWebApi.Test.TestMethods.TenantMapTest+&lt;SecurityWebApi_GetTenantMapBySearchCriteria_NoAuthHeader_491070&gt;d__25</Value>
        </Property>
      </Properties>
      <TestMethod codeBase="C:/NGVL/SQA/Automation/Main/Laminar.Automation/Laminar.Automation.Services.SecurityWebApi.Test/bin/Debug/Laminar.Automation.Services.SecurityWebApi.Test.DLL" adapterTypeName="Microsoft.VisualStudio.TestTools.TestTypes.Unit.UnitTestAdapter, Microsoft.VisualStudio.QualityTools.Tips.UnitTest.Adapter, Version=12.0.0.0, Culture=neutral, PublicKeyToken=b03f5f7f11d50a3a" className="Laminar.Automation.Services.SecurityWebApi.Test.TestMethods.TenantMapTest, Laminar.Automation.Services.SecurityWebApi.Test, Version=1.0.0.0, Culture=neutral, PublicKeyToken=null" name="SecurityWebApi_GetTenantMapBySearchCriteria_NoAuthHeader_491070" />
    </UnitTest>
    <UnitTest name="SecurityWebApi_PostCloneExistingInvitation_TimingLogs_491165" storage="c:\ngvl\sqa\automation\main\laminar.automation\laminar.automation.services.securitywebapi.test\bin\debug\laminar.automation.services.securitywebapi.test.dll" id="80e4448a-6f34-ecce-09a9-cfb1c227698e">
      <Description>[API]: POST api/Invitation/{InvitationKey}/Clone - Verify that timing information is being logged</Description>
      <TestCategory>
        <TestCategoryItem TestCategory="SecurityWebApi_Service" />
        <TestCategoryItem TestCategory="BL6Phase1" />
        <TestCategoryItem TestCategory="P2" />
        <TestCategoryItem TestCategory="AutoBVT" />
      </TestCategory>
      <Execution id="bfbd83bf-4887-49c2-939d-f8f0e5ae4cab" />
      <Workitems>
        <Workitem>491165</Workitem>
      </Workitems>
      <Properties>
        <Property>
          <Key>__Internal_AsyncTypeName__</Key>
          <Value>Laminar.Automation.Services.SecurityWebApi.Test.TestMethods.InvitationTest+&lt;SecurityWebApi_PostCloneExistingInvitation_TimingLogs_491165&gt;d__30f</Value>
        </Property>
      </Properties>
      <TestMethod codeBase="C:/NGVL/SQA/Automation/Main/Laminar.Automation/Laminar.Automation.Services.SecurityWebApi.Test/bin/Debug/Laminar.Automation.Services.SecurityWebApi.Test.DLL" adapterTypeName="Microsoft.VisualStudio.TestTools.TestTypes.Unit.UnitTestAdapter, Microsoft.VisualStudio.QualityTools.Tips.UnitTest.Adapter, Version=12.0.0.0, Culture=neutral, PublicKeyToken=b03f5f7f11d50a3a" className="Laminar.Automation.Services.SecurityWebApi.Test.TestMethods.InvitationTest, Laminar.Automation.Services.SecurityWebApi.Test, Version=1.0.0.0, Culture=neutral, PublicKeyToken=null" name="SecurityWebApi_PostCloneExistingInvitation_TimingLogs_491165" />
    </UnitTest>
    <UnitTest name="GetUsersByAccountAndRolesCheckAccountNumberLength_478060" storage="c:\ngvl\sqa\automation\main\laminar.automation\laminar.automation.services.securitywebapi.test\bin\debug\laminar.automation.services.securitywebapi.test.dll" id="dd1a753a-70f1-7743-d1f0-b9d2ac24698c">
      <Description>[API]: GET Users/{account}/Roles/{roles}/  - Verify the length of the Account provided</Description>
      <TestCategory>
        <TestCategoryItem TestCategory="SecurityWebApi_Service" />
        <TestCategoryItem TestCategory="AutoBVT" />
        <TestCategoryItem TestCategory="P2" />
      </TestCategory>
      <Execution id="4653ca2e-b0c1-4d1d-b096-3d7355bdc3ab" />
      <Workitems>
        <Workitem>478060</Workitem>
      </Workitems>
      <Properties>
        <Property>
          <Key>__Internal_AsyncTypeName__</Key>
          <Value>Laminar.Automation.Services.SecurityWebApi.Test.TestMethods.UserEndPointsTest+&lt;GetUsersByAccountAndRolesCheckAccountNumberLength_478060&gt;d__26</Value>
        </Property>
      </Properties>
      <TestMethod codeBase="C:/NGVL/SQA/Automation/Main/Laminar.Automation/Laminar.Automation.Services.SecurityWebApi.Test/bin/Debug/Laminar.Automation.Services.SecurityWebApi.Test.DLL" adapterTypeName="Microsoft.VisualStudio.TestTools.TestTypes.Unit.UnitTestAdapter, Microsoft.VisualStudio.QualityTools.Tips.UnitTest.Adapter, Version=12.0.0.0, Culture=neutral, PublicKeyToken=b03f5f7f11d50a3a" className="Laminar.Automation.Services.SecurityWebApi.Test.TestMethods.UserEndPointsTest, Laminar.Automation.Services.SecurityWebApi.Test, Version=1.0.0.0, Culture=neutral, PublicKeyToken=null" name="GetUsersByAccountAndRolesCheckAccountNumberLength_478060" />
    </UnitTest>
    <UnitTest name="SecurityWebApi_GetTenantsAsync_LengthOfAParNumberExceedsMaximum_ReturnsBadRequest_478039" storage="c:\ngvl\sqa\automation\main\laminar.automation\laminar.automation.services.securitywebapi.test\bin\debug\laminar.automation.services.securitywebapi.test.dll" id="26ee48eb-b69d-e0ec-1cda-0d14d8ae1790">
      <Description>[API]: GET api/Tenants by domain or PAR - Verify the length of each PAR number provided in querystring</Description>
      <TestCategory>
        <TestCategoryItem TestCategory="SecurityWebApi_Service" />
        <TestCategoryItem TestCategory="AutoBVT" />
        <TestCategoryItem TestCategory="P2" />
      </TestCategory>
      <Execution id="562b71ca-1e09-4f6a-b206-13819cd30042" />
      <Workitems>
        <Workitem>478039</Workitem>
      </Workitems>
      <Properties>
        <Property>
          <Key>__Internal_AsyncTypeName__</Key>
          <Value>Laminar.Automation.Services.SecurityWebApi.Test.TestMethods.TenantEndPointsTest+&lt;SecurityWebApi_GetTenantsAsync_LengthOfAParNumberExceedsMaximum_ReturnsBadRequest_478039&gt;d__5b</Value>
        </Property>
      </Properties>
      <TestMethod codeBase="C:/NGVL/SQA/Automation/Main/Laminar.Automation/Laminar.Automation.Services.SecurityWebApi.Test/bin/Debug/Laminar.Automation.Services.SecurityWebApi.Test.DLL" adapterTypeName="Microsoft.VisualStudio.TestTools.TestTypes.Unit.UnitTestAdapter, Microsoft.VisualStudio.QualityTools.Tips.UnitTest.Adapter, Version=12.0.0.0, Culture=neutral, PublicKeyToken=b03f5f7f11d50a3a" className="Laminar.Automation.Services.SecurityWebApi.Test.TestMethods.TenantEndPointsTest, Laminar.Automation.Services.SecurityWebApi.Test, Version=1.0.0.0, Culture=neutral, PublicKeyToken=null" name="SecurityWebApi_GetTenantsAsync_LengthOfAParNumberExceedsMaximum_ReturnsBadRequest_478039" />
    </UnitTest>
    <UnitTest name="SecurityWebApi_GetInvitationBySearchCriteria_HappyPath_491125" storage="c:\ngvl\sqa\automation\main\laminar.automation\laminar.automation.services.securitywebapi.test\bin\debug\laminar.automation.services.securitywebapi.test.dll" id="2443913c-2c12-058b-2c5c-f8a18796cdc9">
      <Description>[API]: GET api/Invitation?AccountNumber... Verify the returned object values match with the values from the database invite table</Description>
      <TestCategory>
        <TestCategoryItem TestCategory="SecurityWebApi_Service" />
        <TestCategoryItem TestCategory="P1" />
        <TestCategoryItem TestCategory="AutoBVT" />
        <TestCategoryItem TestCategory="BL6Phase1" />
      </TestCategory>
      <Execution id="cdd9b800-cfeb-42be-832c-1150ddfca1de" />
      <Workitems>
        <Workitem>491125</Workitem>
      </Workitems>
      <Properties>
        <Property>
          <Key>__Internal_AsyncTypeName__</Key>
          <Value>Laminar.Automation.Services.SecurityWebApi.Test.TestMethods.InvitationTest+&lt;SecurityWebApi_GetInvitationBySearchCriteria_HappyPath_491125&gt;d__ff</Value>
        </Property>
      </Properties>
      <TestMethod codeBase="C:/NGVL/SQA/Automation/Main/Laminar.Automation/Laminar.Automation.Services.SecurityWebApi.Test/bin/Debug/Laminar.Automation.Services.SecurityWebApi.Test.DLL" adapterTypeName="Microsoft.VisualStudio.TestTools.TestTypes.Unit.UnitTestAdapter, Microsoft.VisualStudio.QualityTools.Tips.UnitTest.Adapter, Version=12.0.0.0, Culture=neutral, PublicKeyToken=b03f5f7f11d50a3a" className="Laminar.Automation.Services.SecurityWebApi.Test.TestMethods.InvitationTest, Laminar.Automation.Services.SecurityWebApi.Test, Version=1.0.0.0, Culture=neutral, PublicKeyToken=null" name="SecurityWebApi_GetInvitationBySearchCriteria_HappyPath_491125" />
    </UnitTest>
    <UnitTest name="GetTenantMapsByIdBadRequestIfTenantKeyNotProvided_478042" storage="c:\ngvl\sqa\automation\main\laminar.automation\laminar.automation.services.securitywebapi.test\bin\debug\laminar.automation.services.securitywebapi.test.dll" id="0207ef45-b802-80bf-37a1-23f5ec5f166b">
      <Description>[API]: GET Tenants/{id}/Maps - Verify that BadRequest is returned if no tenantKey is provided</Description>
      <TestCategory>
        <TestCategoryItem TestCategory="SecurityWebApi_Service" />
        <TestCategoryItem TestCategory="AutoBVT" />
        <TestCategoryItem TestCategory="P2" />
      </TestCategory>
      <Execution id="ae4d6437-53f2-457e-9574-b17eed5bc7bc" />
      <Workitems>
        <Workitem>478042</Workitem>
      </Workitems>
      <Properties>
        <Property>
          <Key>__Internal_AsyncTypeName__</Key>
          <Value>Laminar.Automation.Services.SecurityWebApi.Test.TestMethods.TenantEndPointsTest+&lt;GetTenantMapsByIdBadRequestIfTenantKeyNotProvided_478042&gt;d__8d</Value>
        </Property>
      </Properties>
      <TestMethod codeBase="C:/NGVL/SQA/Automation/Main/Laminar.Automation/Laminar.Automation.Services.SecurityWebApi.Test/bin/Debug/Laminar.Automation.Services.SecurityWebApi.Test.DLL" adapterTypeName="Microsoft.VisualStudio.TestTools.TestTypes.Unit.UnitTestAdapter, Microsoft.VisualStudio.QualityTools.Tips.UnitTest.Adapter, Version=12.0.0.0, Culture=neutral, PublicKeyToken=b03f5f7f11d50a3a" className="Laminar.Automation.Services.SecurityWebApi.Test.TestMethods.TenantEndPointsTest, Laminar.Automation.Services.SecurityWebApi.Test, Version=1.0.0.0, Culture=neutral, PublicKeyToken=null" name="GetTenantMapsByIdBadRequestIfTenantKeyNotProvided_478042" />
    </UnitTest>
    <UnitTest name="GetTenantAdminsByIdNoTenantKeyProvided_478049" storage="c:\ngvl\sqa\automation\main\laminar.automation\laminar.automation.services.securitywebapi.test\bin\debug\laminar.automation.services.securitywebapi.test.dll" id="c602824c-b7aa-8a78-3a69-c9768c42a0ee">
      <Description>[API]: GET Tenants/{id}/Admins - Verify that BadRequest is returned if no tenantKey is provided</Description>
      <TestCategory>
        <TestCategoryItem TestCategory="SecurityWebApi_Service" />
        <TestCategoryItem TestCategory="AutoBVT" />
        <TestCategoryItem TestCategory="P2" />
      </TestCategory>
      <Execution id="a409f0ce-69a9-4c5d-87ef-af34f44882a8" />
      <Workitems>
        <Workitem>478049</Workitem>
      </Workitems>
      <Properties>
        <Property>
          <Key>__Internal_AsyncTypeName__</Key>
          <Value>Laminar.Automation.Services.SecurityWebApi.Test.TestMethods.TenantEndPointsTest+&lt;GetTenantAdminsByIdNoTenantKeyProvided_478049&gt;d__b7</Value>
        </Property>
      </Properties>
      <TestMethod codeBase="C:/NGVL/SQA/Automation/Main/Laminar.Automation/Laminar.Automation.Services.SecurityWebApi.Test/bin/Debug/Laminar.Automation.Services.SecurityWebApi.Test.DLL" adapterTypeName="Microsoft.VisualStudio.TestTools.TestTypes.Unit.UnitTestAdapter, Microsoft.VisualStudio.QualityTools.Tips.UnitTest.Adapter, Version=12.0.0.0, Culture=neutral, PublicKeyToken=b03f5f7f11d50a3a" className="Laminar.Automation.Services.SecurityWebApi.Test.TestMethods.TenantEndPointsTest, Laminar.Automation.Services.SecurityWebApi.Test, Version=1.0.0.0, Culture=neutral, PublicKeyToken=null" name="GetTenantAdminsByIdNoTenantKeyProvided_478049" />
    </UnitTest>
    <UnitTest name="SecurityWebApi_GetInvitationBySearchCriteria_AgreementNumbers_HappyPath_548077" storage="c:\ngvl\sqa\automation\main\laminar.automation\laminar.automation.services.securitywebapi.test\bin\debug\laminar.automation.services.securitywebapi.test.dll" id="ed6b28cc-301e-5d4f-6ac0-531892c29409">
      <Description>[API]: GET api/Invitation?AgreementNumbers... by search criteria - Verify that correct invite data is returned for passed in AgreementNumbers(s) with 200 status code if invite row was found</Description>
      <TestCategory>
        <TestCategoryItem TestCategory="SecurityWebApi_Service" />
        <TestCategoryItem TestCategory="P1" />
        <TestCategoryItem TestCategory="AutoBVT" />
        <TestCategoryItem TestCategory="BL6Phase2" />
      </TestCategory>
      <Execution id="15d5e13c-20c6-417e-9317-42a60271def6" />
      <Workitems>
        <Workitem>548077</Workitem>
      </Workitems>
      <Properties>
        <Property>
          <Key>__Internal_AsyncTypeName__</Key>
          <Value>Laminar.Automation.Services.SecurityWebApi.Test.TestMethods.InvitationTest+&lt;SecurityWebApi_GetInvitationBySearchCriteria_AgreementNumbers_HappyPath_548077&gt;d__98</Value>
        </Property>
      </Properties>
      <TestMethod codeBase="C:/NGVL/SQA/Automation/Main/Laminar.Automation/Laminar.Automation.Services.SecurityWebApi.Test/bin/Debug/Laminar.Automation.Services.SecurityWebApi.Test.DLL" adapterTypeName="Microsoft.VisualStudio.TestTools.TestTypes.Unit.UnitTestAdapter, Microsoft.VisualStudio.QualityTools.Tips.UnitTest.Adapter, Version=12.0.0.0, Culture=neutral, PublicKeyToken=b03f5f7f11d50a3a" className="Laminar.Automation.Services.SecurityWebApi.Test.TestMethods.InvitationTest, Laminar.Automation.Services.SecurityWebApi.Test, Version=1.0.0.0, Culture=neutral, PublicKeyToken=null" name="SecurityWebApi_GetInvitationBySearchCriteria_AgreementNumbers_HappyPath_548077" />
    </UnitTest>
    <UnitTest name="SecurityWebApi_PostCloneExistingInvitation_HappyPath_491164" storage="c:\ngvl\sqa\automation\main\laminar.automation\laminar.automation.services.securitywebapi.test\bin\debug\laminar.automation.services.securitywebapi.test.dll" id="328af4ae-601b-3caa-71d6-7800a4003e83">
      <Description>[API]: POST api/Invitation/{InvitationKey}/Clone - Verify 201 repsonse code and the correct data is being returned for the passed in InvitationID and InvitationCloneRequest</Description>
      <TestCategory>
        <TestCategoryItem TestCategory="SecurityWebApi_Service" />
        <TestCategoryItem TestCategory="P1" />
        <TestCategoryItem TestCategory="AutoBVT" />
        <TestCategoryItem TestCategory="BL6Phase1" />
      </TestCategory>
      <Execution id="17882c28-9679-44d6-9e0c-dd976a8026b2" />
      <Workitems>
        <Workitem>491164</Workitem>
      </Workitems>
      <Properties>
        <Property>
          <Key>__Internal_AsyncTypeName__</Key>
          <Value>Laminar.Automation.Services.SecurityWebApi.Test.TestMethods.InvitationTest+&lt;SecurityWebApi_PostCloneExistingInvitation_HappyPath_491164&gt;d__272</Value>
        </Property>
      </Properties>
      <TestMethod codeBase="C:/NGVL/SQA/Automation/Main/Laminar.Automation/Laminar.Automation.Services.SecurityWebApi.Test/bin/Debug/Laminar.Automation.Services.SecurityWebApi.Test.DLL" adapterTypeName="Microsoft.VisualStudio.TestTools.TestTypes.Unit.UnitTestAdapter, Microsoft.VisualStudio.QualityTools.Tips.UnitTest.Adapter, Version=12.0.0.0, Culture=neutral, PublicKeyToken=b03f5f7f11d50a3a" className="Laminar.Automation.Services.SecurityWebApi.Test.TestMethods.InvitationTest, Laminar.Automation.Services.SecurityWebApi.Test, Version=1.0.0.0, Culture=neutral, PublicKeyToken=null" name="SecurityWebApi_PostCloneExistingInvitation_HappyPath_491164" />
    </UnitTest>
    <UnitTest name="SecurityWebApi_GetRolesByRoleScenarioHappyPath_607293" storage="c:\ngvl\sqa\automation\main\laminar.automation\laminar.automation.services.securitywebapi.test\bin\debug\laminar.automation.services.securitywebapi.test.dll" id="1988a555-07c0-2a43-5244-eb0d15e51630">
      <Description>[API]: GET Roles/{roleScenario} - Verify that OK (200) status code and correct data (json) are returned for a valid Role Scenario</Description>
      <TestCategory>
        <TestCategoryItem TestCategory="SecurityWebApi_Service" />
        <TestCategoryItem TestCategory="AutoBVT" />
        <TestCategoryItem TestCategory="P2" />
      </TestCategory>
      <Execution id="17f7c704-076b-41d8-9942-6d9168d5b39e" />
      <Workitems>
        <Workitem>607293</Workitem>
      </Workitems>
      <Properties>
        <Property>
          <Key>__Internal_AsyncTypeName__</Key>
          <Value>Laminar.Automation.Services.SecurityWebApi.Test.TestMethods.RolesEndpointTest+&lt;SecurityWebApi_GetRolesByRoleScenarioHappyPath_607293&gt;d__0</Value>
        </Property>
      </Properties>
      <TestMethod codeBase="C:/NGVL/SQA/Automation/Main/Laminar.Automation/Laminar.Automation.Services.SecurityWebApi.Test/bin/Debug/Laminar.Automation.Services.SecurityWebApi.Test.DLL" adapterTypeName="Microsoft.VisualStudio.TestTools.TestTypes.Unit.UnitTestAdapter, Microsoft.VisualStudio.QualityTools.Tips.UnitTest.Adapter, Version=12.0.0.0, Culture=neutral, PublicKeyToken=b03f5f7f11d50a3a" className="Laminar.Automation.Services.SecurityWebApi.Test.TestMethods.RolesEndpointTest, Laminar.Automation.Services.SecurityWebApi.Test, Version=1.0.0.0, Culture=neutral, PublicKeyToken=null" name="SecurityWebApi_GetRolesByRoleScenarioHappyPath_607293" />
    </UnitTest>
    <UnitTest name="SecurityWebApi_CreateUserWithNoRole_Fail_622541" storage="c:\ngvl\sqa\automation\main\laminar.automation\laminar.automation.services.securitywebapi.test\bin\debug\laminar.automation.services.securitywebapi.test.dll" id="2fb691a8-b3aa-eb2b-f946-b11f4308ef27">
      <Description>[API]: POST Users - Verify that BadRequest (400) status code is returned if roles information is not provided</Description>
      <TestCategory>
        <TestCategoryItem TestCategory="SecurityWebApi_Service" />
        <TestCategoryItem TestCategory="P1" />
        <TestCategoryItem TestCategory="AutoBVT" />
      </TestCategory>
      <Execution id="35dd153f-3626-4cfa-bdb1-8acf7ebea798" />
      <Workitems>
        <Workitem>622541</Workitem>
      </Workitems>
      <Properties>
        <Property>
          <Key>__Internal_AsyncTypeName__</Key>
          <Value>Laminar.Automation.Services.SecurityWebApi.Test.TestMethods.UserEndPointsTest+&lt;SecurityWebApi_CreateUserWithNoRole_Fail_622541&gt;d__96</Value>
        </Property>
      </Properties>
      <TestMethod codeBase="C:/NGVL/SQA/Automation/Main/Laminar.Automation/Laminar.Automation.Services.SecurityWebApi.Test/bin/Debug/Laminar.Automation.Services.SecurityWebApi.Test.DLL" adapterTypeName="Microsoft.VisualStudio.TestTools.TestTypes.Unit.UnitTestAdapter, Microsoft.VisualStudio.QualityTools.Tips.UnitTest.Adapter, Version=12.0.0.0, Culture=neutral, PublicKeyToken=b03f5f7f11d50a3a" className="Laminar.Automation.Services.SecurityWebApi.Test.TestMethods.UserEndPointsTest, Laminar.Automation.Services.SecurityWebApi.Test, Version=1.0.0.0, Culture=neutral, PublicKeyToken=null" name="SecurityWebApi_CreateUserWithNoRole_Fail_622541" />
    </UnitTest>
    <UnitTest name="SecurityWebApi_GetTenantMapBySearchCriteria_TimingLogs_491096" storage="c:\ngvl\sqa\automation\main\laminar.automation\laminar.automation.services.securitywebapi.test\bin\debug\laminar.automation.services.securitywebapi.test.dll" id="dec9014f-defa-2b65-6dd4-4fd13f435d34">
      <Description>[API]: GET /api/TenantMaps?PARNumbers...Verify that timing information is being logged</Description>
      <TestCategory>
        <TestCategoryItem TestCategory="SecurityWebApi_Service" />
        <TestCategoryItem TestCategory="AutoBVT" />
        <TestCategoryItem TestCategory="P2" />
      </TestCategory>
      <Execution id="97bdf949-e5c9-4042-9f95-fd16fa27fae8" />
      <Workitems>
        <Workitem>491096</Workitem>
      </Workitems>
      <Properties>
        <Property>
          <Key>__Internal_AsyncTypeName__</Key>
          <Value>Laminar.Automation.Services.SecurityWebApi.Test.TestMethods.TenantMapTest+&lt;SecurityWebApi_GetTenantMapBySearchCriteria_TimingLogs_491096&gt;d__40</Value>
        </Property>
      </Properties>
      <TestMethod codeBase="C:/NGVL/SQA/Automation/Main/Laminar.Automation/Laminar.Automation.Services.SecurityWebApi.Test/bin/Debug/Laminar.Automation.Services.SecurityWebApi.Test.DLL" adapterTypeName="Microsoft.VisualStudio.TestTools.TestTypes.Unit.UnitTestAdapter, Microsoft.VisualStudio.QualityTools.Tips.UnitTest.Adapter, Version=12.0.0.0, Culture=neutral, PublicKeyToken=b03f5f7f11d50a3a" className="Laminar.Automation.Services.SecurityWebApi.Test.TestMethods.TenantMapTest, Laminar.Automation.Services.SecurityWebApi.Test, Version=1.0.0.0, Culture=neutral, PublicKeyToken=null" name="SecurityWebApi_GetTenantMapBySearchCriteria_TimingLogs_491096" />
    </UnitTest>
    <UnitTest name="SecurityWebApi_UpdateInvitation_InvitationExpired_491048" storage="c:\ngvl\sqa\automation\main\laminar.automation\laminar.automation.services.securitywebapi.test\bin\debug\laminar.automation.services.securitywebapi.test.dll" id="672729d4-064f-8897-96e2-49cb3430512f">
      <Description>[API]: PUT api/Update invitation by invitation key - Verify 404 response code when the status of the requested invitation in not in the pending state</Description>
      <TestCategory>
        <TestCategoryItem TestCategory="SecurityWebApi_Service" />
        <TestCategoryItem TestCategory="P1" />
        <TestCategoryItem TestCategory="AutoBVT" />
        <TestCategoryItem TestCategory="BL6Phase1" />
      </TestCategory>
      <Execution id="3df45df6-ae12-42ad-a3c4-93fdfdc03b4c" />
      <Workitems>
        <Workitem>491048</Workitem>
      </Workitems>
      <Properties>
        <Property>
          <Key>__Internal_AsyncTypeName__</Key>
          <Value>Laminar.Automation.Services.SecurityWebApi.Test.TestMethods.InvitationTest+&lt;SecurityWebApi_UpdateInvitation_InvitationExpired_491048&gt;d__1c3</Value>
        </Property>
      </Properties>
      <TestMethod codeBase="C:/NGVL/SQA/Automation/Main/Laminar.Automation/Laminar.Automation.Services.SecurityWebApi.Test/bin/Debug/Laminar.Automation.Services.SecurityWebApi.Test.DLL" adapterTypeName="Microsoft.VisualStudio.TestTools.TestTypes.Unit.UnitTestAdapter, Microsoft.VisualStudio.QualityTools.Tips.UnitTest.Adapter, Version=12.0.0.0, Culture=neutral, PublicKeyToken=b03f5f7f11d50a3a" className="Laminar.Automation.Services.SecurityWebApi.Test.TestMethods.InvitationTest, Laminar.Automation.Services.SecurityWebApi.Test, Version=1.0.0.0, Culture=neutral, PublicKeyToken=null" name="SecurityWebApi_UpdateInvitation_InvitationExpired_491048" />
    </UnitTest>
    <UnitTest name="SecurityWebApi_PostTenant_InvitationStatusIsRenewed_CreatesTenant_517259" storage="c:\ngvl\sqa\automation\main\laminar.automation\laminar.automation.services.securitywebapi.test\bin\debug\laminar.automation.services.securitywebapi.test.dll" id="e7c6a9b8-1bbe-d589-a53f-aa9faa3fbaa3">
      <Description>[API]: POST Tenant - Verify if the TenantRequest and InvitationKey are valid and Invitation is in Renewed status, the service returns tenant created status.</Description>
      <TestCategory>
        <TestCategoryItem TestCategory="SecurityWebApi_Service" />
        <TestCategoryItem TestCategory="AutoBVT" />
        <TestCategoryItem TestCategory="P2" />
      </TestCategory>
      <Execution id="1493d612-b443-4c26-8ed6-8042ea2010b8" />
      <Workitems>
        <Workitem>517259</Workitem>
      </Workitems>
      <Properties>
        <Property>
          <Key>__Internal_AsyncTypeName__</Key>
          <Value>Laminar.Automation.Services.SecurityWebApi.Test.TestMethods.TenantEndPointsTest+&lt;SecurityWebApi_PostTenant_InvitationStatusIsRenewed_CreatesTenant_517259&gt;d__fa</Value>
        </Property>
      </Properties>
      <TestMethod codeBase="C:/NGVL/SQA/Automation/Main/Laminar.Automation/Laminar.Automation.Services.SecurityWebApi.Test/bin/Debug/Laminar.Automation.Services.SecurityWebApi.Test.DLL" adapterTypeName="Microsoft.VisualStudio.TestTools.TestTypes.Unit.UnitTestAdapter, Microsoft.VisualStudio.QualityTools.Tips.UnitTest.Adapter, Version=12.0.0.0, Culture=neutral, PublicKeyToken=b03f5f7f11d50a3a" className="Laminar.Automation.Services.SecurityWebApi.Test.TestMethods.TenantEndPointsTest, Laminar.Automation.Services.SecurityWebApi.Test, Version=1.0.0.0, Culture=neutral, PublicKeyToken=null" name="SecurityWebApi_PostTenant_InvitationStatusIsRenewed_CreatesTenant_517259" />
    </UnitTest>
    <UnitTest name="SecurityWebApi_GetTenantMapBySearchCriteria_RecordNotFoundWithGivenQueryString_491106" storage="c:\ngvl\sqa\automation\main\laminar.automation\laminar.automation.services.securitywebapi.test\bin\debug\laminar.automation.services.securitywebapi.test.dll" id="b0801c3a-aa77-aaab-8e34-62ee369cfe62">
      <Description>[API]: GET /api/TenantMaps?PARNumbers... by search criteria - Verify an empty array is returned when no records match the PARNumbers that were provided in the querystring</Description>
      <TestCategory>
        <TestCategoryItem TestCategory="SecurityWebApi_Service" />
        <TestCategoryItem TestCategory="P1" />
        <TestCategoryItem TestCategory="AutoBVT" />
      </TestCategory>
      <Execution id="43124342-0d1a-4f80-a3f7-f2677b8d37d2" />
      <Workitems>
        <Workitem>491106</Workitem>
      </Workitems>
      <Properties>
        <Property>
          <Key>__Internal_AsyncTypeName__</Key>
          <Value>Laminar.Automation.Services.SecurityWebApi.Test.TestMethods.TenantMapTest+&lt;SecurityWebApi_GetTenantMapBySearchCriteria_RecordNotFoundWithGivenQueryString_491106&gt;d__60</Value>
        </Property>
      </Properties>
      <TestMethod codeBase="C:/NGVL/SQA/Automation/Main/Laminar.Automation/Laminar.Automation.Services.SecurityWebApi.Test/bin/Debug/Laminar.Automation.Services.SecurityWebApi.Test.DLL" adapterTypeName="Microsoft.VisualStudio.TestTools.TestTypes.Unit.UnitTestAdapter, Microsoft.VisualStudio.QualityTools.Tips.UnitTest.Adapter, Version=12.0.0.0, Culture=neutral, PublicKeyToken=b03f5f7f11d50a3a" className="Laminar.Automation.Services.SecurityWebApi.Test.TestMethods.TenantMapTest, Laminar.Automation.Services.SecurityWebApi.Test, Version=1.0.0.0, Culture=neutral, PublicKeyToken=null" name="SecurityWebApi_GetTenantMapBySearchCriteria_RecordNotFoundWithGivenQueryString_491106" />
    </UnitTest>
    <UnitTest name="SecurityWebApi_GetInvitationBySearchCriteria_ApproverUPN_NotFound_622604" storage="c:\ngvl\sqa\automation\main\laminar.automation\laminar.automation.services.securitywebapi.test\bin\debug\laminar.automation.services.securitywebapi.test.dll" id="192d403c-afa7-cc6d-3196-28dce544adcd">
      <Description>[API]: GET api/Invitation?ApproverUPNs... by search criteria - Verify no matching PermissionRequest returns HTTP OK(200)</Description>
      <TestCategory>
        <TestCategoryItem TestCategory="SecurityWebApi_Service" />
        <TestCategoryItem TestCategory="P1" />
        <TestCategoryItem TestCategory="AutoBVT" />
        <TestCategoryItem TestCategory="BL7Phase1" />
      </TestCategory>
      <Execution id="3059ddeb-8efa-45a9-aade-dd21de1913be" />
      <Workitems>
        <Workitem>622604</Workitem>
      </Workitems>
      <Properties>
        <Property>
          <Key>__Internal_AsyncTypeName__</Key>
          <Value>Laminar.Automation.Services.SecurityWebApi.Test.TestMethods.InvitationTest+&lt;SecurityWebApi_GetInvitationBySearchCriteria_ApproverUPN_NotFound_622604&gt;d__196</Value>
        </Property>
      </Properties>
      <TestMethod codeBase="C:/NGVL/SQA/Automation/Main/Laminar.Automation/Laminar.Automation.Services.SecurityWebApi.Test/bin/Debug/Laminar.Automation.Services.SecurityWebApi.Test.DLL" adapterTypeName="Microsoft.VisualStudio.TestTools.TestTypes.Unit.UnitTestAdapter, Microsoft.VisualStudio.QualityTools.Tips.UnitTest.Adapter, Version=12.0.0.0, Culture=neutral, PublicKeyToken=b03f5f7f11d50a3a" className="Laminar.Automation.Services.SecurityWebApi.Test.TestMethods.InvitationTest, Laminar.Automation.Services.SecurityWebApi.Test, Version=1.0.0.0, Culture=neutral, PublicKeyToken=null" name="SecurityWebApi_GetInvitationBySearchCriteria_ApproverUPN_NotFound_622604" />
    </UnitTest>
    <UnitTest name="SecurityWebApi_PostTenant_InvitationKeyIsInvalid_ReturnsInternalServerError_517236" storage="c:\ngvl\sqa\automation\main\laminar.automation\laminar.automation.services.securitywebapi.test\bin\debug\laminar.automation.services.securitywebapi.test.dll" id="c9740a89-1de4-1b3c-a99c-da60c10066f3">
      <Description>[API]: POST Tenant - Verify if the InvitationKey is Invalid, the service returns HTTP 500.</Description>
      <TestCategory>
        <TestCategoryItem TestCategory="SecurityWebApi_Service" />
        <TestCategoryItem TestCategory="AutoBVT" />
        <TestCategoryItem TestCategory="P2" />
      </TestCategory>
      <Execution id="073577ac-0ae6-4efe-99f6-0b389ca8ae20" />
      <Workitems>
        <Workitem>517236</Workitem>
      </Workitems>
      <Properties>
        <Property>
          <Key>__Internal_AsyncTypeName__</Key>
          <Value>Laminar.Automation.Services.SecurityWebApi.Test.TestMethods.TenantEndPointsTest+&lt;SecurityWebApi_PostTenant_InvitationKeyIsInvalid_ReturnsInternalServerError_517236&gt;d__127</Value>
        </Property>
      </Properties>
      <TestMethod codeBase="C:/NGVL/SQA/Automation/Main/Laminar.Automation/Laminar.Automation.Services.SecurityWebApi.Test/bin/Debug/Laminar.Automation.Services.SecurityWebApi.Test.DLL" adapterTypeName="Microsoft.VisualStudio.TestTools.TestTypes.Unit.UnitTestAdapter, Microsoft.VisualStudio.QualityTools.Tips.UnitTest.Adapter, Version=12.0.0.0, Culture=neutral, PublicKeyToken=b03f5f7f11d50a3a" className="Laminar.Automation.Services.SecurityWebApi.Test.TestMethods.TenantEndPointsTest, Laminar.Automation.Services.SecurityWebApi.Test, Version=1.0.0.0, Culture=neutral, PublicKeyToken=null" name="SecurityWebApi_PostTenant_InvitationKeyIsInvalid_ReturnsInternalServerError_517236" />
    </UnitTest>
    <UnitTest name="SecurityWebApi_GetTenantMapBySearchCriteria_PartnerAgreementCreator_HappyPath_499744" storage="c:\ngvl\sqa\automation\main\laminar.automation\laminar.automation.services.securitywebapi.test\bin\debug\laminar.automation.services.securitywebapi.test.dll" id="b5bdce49-955a-96ef-1547-7078622fad27">
      <Description>[API]: GET /api/TenantMaps?PARNumbers...PartnerAgreementCreator user test</Description>
      <TestCategory>
        <TestCategoryItem TestCategory="SecurityWebApi_Service" />
        <TestCategoryItem TestCategory="P1" />
        <TestCategoryItem TestCategory="AutoBVT" />
      </TestCategory>
      <Execution id="1f86a2d6-3352-43d5-8c03-8ec35f56f0a7" />
      <Workitems>
        <Workitem>499744</Workitem>
      </Workitems>
      <Properties>
        <Property>
          <Key>__Internal_AsyncTypeName__</Key>
          <Value>Laminar.Automation.Services.SecurityWebApi.Test.TestMethods.TenantMapTest+&lt;SecurityWebApi_GetTenantMapBySearchCriteria_PartnerAgreementCreator_HappyPath_499744&gt;d__6b</Value>
        </Property>
      </Properties>
      <TestMethod codeBase="C:/NGVL/SQA/Automation/Main/Laminar.Automation/Laminar.Automation.Services.SecurityWebApi.Test/bin/Debug/Laminar.Automation.Services.SecurityWebApi.Test.DLL" adapterTypeName="Microsoft.VisualStudio.TestTools.TestTypes.Unit.UnitTestAdapter, Microsoft.VisualStudio.QualityTools.Tips.UnitTest.Adapter, Version=12.0.0.0, Culture=neutral, PublicKeyToken=b03f5f7f11d50a3a" className="Laminar.Automation.Services.SecurityWebApi.Test.TestMethods.TenantMapTest, Laminar.Automation.Services.SecurityWebApi.Test, Version=1.0.0.0, Culture=neutral, PublicKeyToken=null" name="SecurityWebApi_GetTenantMapBySearchCriteria_PartnerAgreementCreator_HappyPath_499744" />
    </UnitTest>
    <UnitTest name="SecurityWebApi_GetInvitationBySearchCriteria_HappyPath_MatchOneCriterion" storage="c:\ngvl\sqa\automation\main\laminar.automation\laminar.automation.services.securitywebapi.test\bin\debug\laminar.automation.services.securitywebapi.test.dll" id="85436df8-eef0-6d6e-d86a-fd7925dbac39">
      <Description>[API]: GET api/Invitations?AccountNumbers={}&amp;EmailAddresses={}&amp;StatusKeys={}- Verify that the correct invitation is returned for one matching search criterion with 200 status code</Description>
      <TestCategory>
        <TestCategoryItem TestCategory="SecurityWebApi_Service" />
        <TestCategoryItem TestCategory="P1" />
        <TestCategoryItem TestCategory="AutoBVT" />
      </TestCategory>
      <Execution id="028a58e7-b8b9-4487-9cae-85331bda5894" />
      <Workitems>
        <Workitem>525841</Workitem>
      </Workitems>
      <Properties>
        <Property>
          <Key>__Internal_AsyncTypeName__</Key>
          <Value>Laminar.Automation.Services.SecurityWebApi.Test.TestMethods.InvitationTest+&lt;SecurityWebApi_GetInvitationBySearchCriteria_HappyPath_MatchOneCriterion&gt;d__162</Value>
        </Property>
      </Properties>
      <TestMethod codeBase="C:/NGVL/SQA/Automation/Main/Laminar.Automation/Laminar.Automation.Services.SecurityWebApi.Test/bin/Debug/Laminar.Automation.Services.SecurityWebApi.Test.DLL" adapterTypeName="Microsoft.VisualStudio.TestTools.TestTypes.Unit.UnitTestAdapter, Microsoft.VisualStudio.QualityTools.Tips.UnitTest.Adapter, Version=12.0.0.0, Culture=neutral, PublicKeyToken=b03f5f7f11d50a3a" className="Laminar.Automation.Services.SecurityWebApi.Test.TestMethods.InvitationTest, Laminar.Automation.Services.SecurityWebApi.Test, Version=1.0.0.0, Culture=neutral, PublicKeyToken=null" name="SecurityWebApi_GetInvitationBySearchCriteria_HappyPath_MatchOneCriterion" />
    </UnitTest>
    <UnitTest name="SecurityWebApi_CreateCustomerInvitationWithBaseCustomerInfo_VerifyAndCleanup_526541" storage="c:\ngvl\sqa\automation\main\laminar.automation\laminar.automation.services.securitywebapi.test\bin\debug\laminar.automation.services.securitywebapi.test.dll" id="36b0d355-93d2-4a87-eea7-a95577ef7568">
      <TestCategory>
        <TestCategoryItem TestCategory="SecurityWebApi_Service" />
        <TestCategoryItem TestCategory="AutoBVT" />
        <TestCategoryItem TestCategory="P2" />
      </TestCategory>
      <Execution id="ae6346e8-67b9-4731-a16c-b48b6ec382e3" />
      <Workitems>
        <Workitem>526541</Workitem>
      </Workitems>
      <TestMethod codeBase="C:/NGVL/SQA/Automation/Main/Laminar.Automation/Laminar.Automation.Services.SecurityWebApi.Test/bin/Debug/Laminar.Automation.Services.SecurityWebApi.Test.DLL" adapterTypeName="Microsoft.VisualStudio.TestTools.TestTypes.Unit.UnitTestAdapter, Microsoft.VisualStudio.QualityTools.Tips.UnitTest.Adapter, Version=12.0.0.0, Culture=neutral, PublicKeyToken=b03f5f7f11d50a3a" className="Laminar.Automation.Services.SecurityWebApi.Test.TestMethods.InvitationTest, Laminar.Automation.Services.SecurityWebApi.Test, Version=1.0.0.0, Culture=neutral, PublicKeyToken=null" name="SecurityWebApi_CreateCustomerInvitationWithBaseCustomerInfo_VerifyAndCleanup_526541" />
    </UnitTest>
    <UnitTest name="SecurityWebApi_GetInvitationBySearchCriteria_HappyPath_MatchAllCriteria" storage="c:\ngvl\sqa\automation\main\laminar.automation\laminar.automation.services.securitywebapi.test\bin\debug\laminar.automation.services.securitywebapi.test.dll" id="463252f8-f8b7-f1ba-cfd9-ee92986c3112">
      <Description>[API]: GET api/Invitations?AccountNumbers={}&amp;EmailAddresses={}&amp;StatusKeys={}- Verify that correct invitations are returned for matching search criteria with 200 status code</Description>
      <TestCategory>
        <TestCategoryItem TestCategory="SecurityWebApi_Service" />
        <TestCategoryItem TestCategory="P1" />
        <TestCategoryItem TestCategory="AutoBVT" />
      </TestCategory>
      <Execution id="23de3040-6655-4610-a989-a613d5fb6fcf" />
      <Workitems>
        <Workitem>525829</Workitem>
      </Workitems>
      <Properties>
        <Property>
          <Key>__Internal_AsyncTypeName__</Key>
          <Value>Laminar.Automation.Services.SecurityWebApi.Test.TestMethods.InvitationTest+&lt;SecurityWebApi_GetInvitationBySearchCriteria_HappyPath_MatchAllCriteria&gt;d__153</Value>
        </Property>
      </Properties>
      <TestMethod codeBase="C:/NGVL/SQA/Automation/Main/Laminar.Automation/Laminar.Automation.Services.SecurityWebApi.Test/bin/Debug/Laminar.Automation.Services.SecurityWebApi.Test.DLL" adapterTypeName="Microsoft.VisualStudio.TestTools.TestTypes.Unit.UnitTestAdapter, Microsoft.VisualStudio.QualityTools.Tips.UnitTest.Adapter, Version=12.0.0.0, Culture=neutral, PublicKeyToken=b03f5f7f11d50a3a" className="Laminar.Automation.Services.SecurityWebApi.Test.TestMethods.InvitationTest, Laminar.Automation.Services.SecurityWebApi.Test, Version=1.0.0.0, Culture=neutral, PublicKeyToken=null" name="SecurityWebApi_GetInvitationBySearchCriteria_HappyPath_MatchAllCriteria" />
    </UnitTest>
    <UnitTest name="SecurityWebApi_GetInvitationBySearchCriteria_PartnerAgreementCreatorNoAgreementAccess_499721" storage="c:\ngvl\sqa\automation\main\laminar.automation\laminar.automation.services.securitywebapi.test\bin\debug\laminar.automation.services.securitywebapi.test.dll" id="9e51bb18-4925-23bb-60bd-09efdc660084">
      <Description>[API]: GET api/Invitation?AccountNumber...PartnerAgreementCreator that does not have access to the corresponding agreement user test</Description>
      <TestCategory>
        <TestCategoryItem TestCategory="SecurityWebApi_Service" />
        <TestCategoryItem TestCategory="P1" />
        <TestCategoryItem TestCategory="AutoBVT" />
        <TestCategoryItem TestCategory="BL6Phase1" />
      </TestCategory>
      <Execution id="c8c1891f-68f0-438f-b59b-970ed3455cb1" />
      <Workitems>
        <Workitem>499721</Workitem>
      </Workitems>
      <Properties>
        <Property>
          <Key>__Internal_AsyncTypeName__</Key>
          <Value>Laminar.Automation.Services.SecurityWebApi.Test.TestMethods.InvitationTest+&lt;SecurityWebApi_GetInvitationBySearchCriteria_PartnerAgreementCreatorNoAgreementAccess_499721&gt;d__140</Value>
        </Property>
      </Properties>
      <TestMethod codeBase="C:/NGVL/SQA/Automation/Main/Laminar.Automation/Laminar.Automation.Services.SecurityWebApi.Test/bin/Debug/Laminar.Automation.Services.SecurityWebApi.Test.DLL" adapterTypeName="Microsoft.VisualStudio.TestTools.TestTypes.Unit.UnitTestAdapter, Microsoft.VisualStudio.QualityTools.Tips.UnitTest.Adapter, Version=12.0.0.0, Culture=neutral, PublicKeyToken=b03f5f7f11d50a3a" className="Laminar.Automation.Services.SecurityWebApi.Test.TestMethods.InvitationTest, Laminar.Automation.Services.SecurityWebApi.Test, Version=1.0.0.0, Culture=neutral, PublicKeyToken=null" name="SecurityWebApi_GetInvitationBySearchCriteria_PartnerAgreementCreatorNoAgreementAccess_499721" />
    </UnitTest>
    <UnitTest name="SecurityWebApi_UpdateInvitation_CorrelationIDInResponseWhenNotInRequest_491045" storage="c:\ngvl\sqa\automation\main\laminar.automation\laminar.automation.services.securitywebapi.test\bin\debug\laminar.automation.services.securitywebapi.test.dll" id="d2c3827a-862e-7049-6099-91a0c4c59e46">
      <Description>[API]: PUT api/Update invitation by invitation key - Verify Correlation ID is populated in the response header when it not supplied in the request header</Description>
      <TestCategory>
        <TestCategoryItem TestCategory="SecurityWebApi_Service" />
        <TestCategoryItem TestCategory="AutoBVT" />
        <TestCategoryItem TestCategory="P2" />
        <TestCategoryItem TestCategory="BL6Phase1" />
      </TestCategory>
      <Execution id="70c7f64a-406c-4fa2-b191-5a60ab13b25e" />
      <Workitems>
        <Workitem>491045</Workitem>
      </Workitems>
      <Properties>
        <Property>
          <Key>__Internal_AsyncTypeName__</Key>
          <Value>Laminar.Automation.Services.SecurityWebApi.Test.TestMethods.InvitationTest+&lt;SecurityWebApi_UpdateInvitation_CorrelationIDInResponseWhenNotInRequest_491045&gt;d__207</Value>
        </Property>
      </Properties>
      <TestMethod codeBase="C:/NGVL/SQA/Automation/Main/Laminar.Automation/Laminar.Automation.Services.SecurityWebApi.Test/bin/Debug/Laminar.Automation.Services.SecurityWebApi.Test.DLL" adapterTypeName="Microsoft.VisualStudio.TestTools.TestTypes.Unit.UnitTestAdapter, Microsoft.VisualStudio.QualityTools.Tips.UnitTest.Adapter, Version=12.0.0.0, Culture=neutral, PublicKeyToken=b03f5f7f11d50a3a" className="Laminar.Automation.Services.SecurityWebApi.Test.TestMethods.InvitationTest, Laminar.Automation.Services.SecurityWebApi.Test, Version=1.0.0.0, Culture=neutral, PublicKeyToken=null" name="SecurityWebApi_UpdateInvitation_CorrelationIDInResponseWhenNotInRequest_491045" />
    </UnitTest>
    <UnitTest name="SecurityWebApi_UpdateInvitation_MalformedAuthHeader_479281" storage="c:\ngvl\sqa\automation\main\laminar.automation\laminar.automation.services.securitywebapi.test\bin\debug\laminar.automation.services.securitywebapi.test.dll" id="bea5f55b-b199-0612-6eb5-c1169caf802a">
      <Description>[API]: PUT api/Update invitation by invitation key - Verify 401 response code for service call when called with malformed authorization header</Description>
      <TestCategory>
        <TestCategoryItem TestCategory="SecurityWebApi_Service" />
        <TestCategoryItem TestCategory="P1" />
        <TestCategoryItem TestCategory="AutoBVT" />
        <TestCategoryItem TestCategory="BL6Phase1" />
      </TestCategory>
      <Execution id="bd67bbbc-464d-403c-9fa4-515bcf6972bd" />
      <Workitems>
        <Workitem>479281</Workitem>
      </Workitems>
      <Properties>
        <Property>
          <Key>__Internal_AsyncTypeName__</Key>
          <Value>Laminar.Automation.Services.SecurityWebApi.Test.TestMethods.InvitationTest+&lt;SecurityWebApi_UpdateInvitation_MalformedAuthHeader_479281&gt;d__1d5</Value>
        </Property>
      </Properties>
      <TestMethod codeBase="C:/NGVL/SQA/Automation/Main/Laminar.Automation/Laminar.Automation.Services.SecurityWebApi.Test/bin/Debug/Laminar.Automation.Services.SecurityWebApi.Test.DLL" adapterTypeName="Microsoft.VisualStudio.TestTools.TestTypes.Unit.UnitTestAdapter, Microsoft.VisualStudio.QualityTools.Tips.UnitTest.Adapter, Version=12.0.0.0, Culture=neutral, PublicKeyToken=b03f5f7f11d50a3a" className="Laminar.Automation.Services.SecurityWebApi.Test.TestMethods.InvitationTest, Laminar.Automation.Services.SecurityWebApi.Test, Version=1.0.0.0, Culture=neutral, PublicKeyToken=null" name="SecurityWebApi_UpdateInvitation_MalformedAuthHeader_479281" />
    </UnitTest>
    <UnitTest name="SecurityWebApi_Unsecure_474845" storage="c:\ngvl\sqa\automation\main\laminar.automation\laminar.automation.services.securitywebapi.test\bin\debug\laminar.automation.services.securitywebapi.test.dll" id="9243b90c-2127-db01-cfe8-b29e7cd65b04">
      <Description>[API]:  Verify service only accepts HTTPS and does not accept HTTP</Description>
      <TestCategory>
        <TestCategoryItem TestCategory="SecurityWebApi_Service" />
        <TestCategoryItem TestCategory="P1" />
        <TestCategoryItem TestCategory="AutoBVT" />
        <TestCategoryItem TestCategory="BL6Phase1" />
      </TestCategory>
      <Execution id="8e8d41a7-d278-4f2e-bd7b-95efccf293df" />
      <Workitems>
        <Workitem>474845</Workitem>
      </Workitems>
      <Properties>
        <Property>
          <Key>__Internal_AsyncTypeName__</Key>
          <Value>Laminar.Automation.Services.SecurityWebApi.Test.TestMethods.InvitationTest+&lt;SecurityWebApi_Unsecure_474845&gt;d__0</Value>
        </Property>
      </Properties>
      <TestMethod codeBase="C:/NGVL/SQA/Automation/Main/Laminar.Automation/Laminar.Automation.Services.SecurityWebApi.Test/bin/Debug/Laminar.Automation.Services.SecurityWebApi.Test.DLL" adapterTypeName="Microsoft.VisualStudio.TestTools.TestTypes.Unit.UnitTestAdapter, Microsoft.VisualStudio.QualityTools.Tips.UnitTest.Adapter, Version=12.0.0.0, Culture=neutral, PublicKeyToken=b03f5f7f11d50a3a" className="Laminar.Automation.Services.SecurityWebApi.Test.TestMethods.InvitationTest, Laminar.Automation.Services.SecurityWebApi.Test, Version=1.0.0.0, Culture=neutral, PublicKeyToken=null" name="SecurityWebApi_Unsecure_474845" />
    </UnitTest>
    <UnitTest name="SecurityWebApi_GetRolesByRoleScenarioNoAuthorization_607315" storage="c:\ngvl\sqa\automation\main\laminar.automation\laminar.automation.services.securitywebapi.test\bin\debug\laminar.automation.services.securitywebapi.test.dll" id="4ee1cbf4-8f30-e1c6-e36d-94275ae2eed0">
      <Description>[API]: GET Roles/{roleScenario} - Verify that Unauthorized (401) status code is returned if the request does not contain an Authorization token in request header</Description>
      <TestCategory>
        <TestCategoryItem TestCategory="SecurityWebApi_Service" />
        <TestCategoryItem TestCategory="AutoBVT" />
        <TestCategoryItem TestCategory="P2" />
      </TestCategory>
      <Execution id="6012b3f6-a09f-4eab-a4ad-8ee6e0b65e8e" />
      <Workitems>
        <Workitem>607315</Workitem>
      </Workitems>
      <Properties>
        <Property>
          <Key>__Internal_AsyncTypeName__</Key>
          <Value>Laminar.Automation.Services.SecurityWebApi.Test.TestMethods.RolesEndpointTest+&lt;SecurityWebApi_GetRolesByRoleScenarioNoAuthorization_607315&gt;d__9</Value>
        </Property>
      </Properties>
      <TestMethod codeBase="C:/NGVL/SQA/Automation/Main/Laminar.Automation/Laminar.Automation.Services.SecurityWebApi.Test/bin/Debug/Laminar.Automation.Services.SecurityWebApi.Test.DLL" adapterTypeName="Microsoft.VisualStudio.TestTools.TestTypes.Unit.UnitTestAdapter, Microsoft.VisualStudio.QualityTools.Tips.UnitTest.Adapter, Version=12.0.0.0, Culture=neutral, PublicKeyToken=b03f5f7f11d50a3a" className="Laminar.Automation.Services.SecurityWebApi.Test.TestMethods.RolesEndpointTest, Laminar.Automation.Services.SecurityWebApi.Test, Version=1.0.0.0, Culture=neutral, PublicKeyToken=null" name="SecurityWebApi_GetRolesByRoleScenarioNoAuthorization_607315" />
    </UnitTest>
    <UnitTest name="SecurityWebApi_GetInvitationBySearchCriteria_PartnerAgreementCreator_HappyPath_499715" storage="c:\ngvl\sqa\automation\main\laminar.automation\laminar.automation.services.securitywebapi.test\bin\debug\laminar.automation.services.securitywebapi.test.dll" id="3b46817e-b6a2-f0ca-2187-dc82781e3d91">
      <Description>[API]: GET api/Invitation?AccountNumber... PartnerAgreementCreator user test</Description>
      <TestCategory>
        <TestCategoryItem TestCategory="SecurityWebApi_Service" />
        <TestCategoryItem TestCategory="P1" />
        <TestCategoryItem TestCategory="AutoBVT" />
        <TestCategoryItem TestCategory="BL6Phase1" />
      </TestCategory>
      <Execution id="53dbda33-af42-4275-b123-b78238ce1a91" />
      <Workitems>
        <Workitem>499715</Workitem>
      </Workitems>
      <Properties>
        <Property>
          <Key>__Internal_AsyncTypeName__</Key>
          <Value>Laminar.Automation.Services.SecurityWebApi.Test.TestMethods.InvitationTest+&lt;SecurityWebApi_GetInvitationBySearchCriteria_PartnerAgreementCreator_HappyPath_499715&gt;d__134</Value>
        </Property>
      </Properties>
      <TestMethod codeBase="C:/NGVL/SQA/Automation/Main/Laminar.Automation/Laminar.Automation.Services.SecurityWebApi.Test/bin/Debug/Laminar.Automation.Services.SecurityWebApi.Test.DLL" adapterTypeName="Microsoft.VisualStudio.TestTools.TestTypes.Unit.UnitTestAdapter, Microsoft.VisualStudio.QualityTools.Tips.UnitTest.Adapter, Version=12.0.0.0, Culture=neutral, PublicKeyToken=b03f5f7f11d50a3a" className="Laminar.Automation.Services.SecurityWebApi.Test.TestMethods.InvitationTest, Laminar.Automation.Services.SecurityWebApi.Test, Version=1.0.0.0, Culture=neutral, PublicKeyToken=null" name="SecurityWebApi_GetInvitationBySearchCriteria_PartnerAgreementCreator_HappyPath_499715" />
    </UnitTest>
    <UnitTest name="SecurityWebApi_PostCloneExistingInvitation_PartnerNotAgreementApproverOrCreator_499734" storage="c:\ngvl\sqa\automation\main\laminar.automation\laminar.automation.services.securitywebapi.test\bin\debug\laminar.automation.services.securitywebapi.test.dll" id="166dc811-afeb-17a8-ed52-fd287f602e5a">
      <Description>[API]: POST api/Invitation/{InvitationKey}/Clone - PartnerNotAgreementApproverOrCreator user test</Description>
      <TestCategory>
        <TestCategoryItem TestCategory="SecurityWebApi_Service" />
        <TestCategoryItem TestCategory="P1" />
        <TestCategoryItem TestCategory="BL6Phase1" />
        <TestCategoryItem TestCategory="AutoBVT" />
      </TestCategory>
      <Execution id="b7b8686a-19c2-4461-ae45-3ece62125054" />
      <Workitems>
        <Workitem>499734</Workitem>
      </Workitems>
      <Properties>
        <Property>
          <Key>__Internal_AsyncTypeName__</Key>
          <Value>Laminar.Automation.Services.SecurityWebApi.Test.TestMethods.InvitationTest+&lt;SecurityWebApi_PostCloneExistingInvitation_PartnerNotAgreementApproverOrCreator_499734&gt;d__357</Value>
        </Property>
      </Properties>
      <TestMethod codeBase="C:/NGVL/SQA/Automation/Main/Laminar.Automation/Laminar.Automation.Services.SecurityWebApi.Test/bin/Debug/Laminar.Automation.Services.SecurityWebApi.Test.DLL" adapterTypeName="Microsoft.VisualStudio.TestTools.TestTypes.Unit.UnitTestAdapter, Microsoft.VisualStudio.QualityTools.Tips.UnitTest.Adapter, Version=12.0.0.0, Culture=neutral, PublicKeyToken=b03f5f7f11d50a3a" className="Laminar.Automation.Services.SecurityWebApi.Test.TestMethods.InvitationTest, Laminar.Automation.Services.SecurityWebApi.Test, Version=1.0.0.0, Culture=neutral, PublicKeyToken=null" name="SecurityWebApi_PostCloneExistingInvitation_PartnerNotAgreementApproverOrCreator_499734" />
    </UnitTest>
    <UnitTest name="SecurityWebApi_UsersEndpoint_PostServiceUsers_Returns400When_RequestContainsInvalidCertificate_628102" storage="c:\ngvl\sqa\automation\main\laminar.automation\laminar.automation.services.securitywebapi.test\bin\debug\laminar.automation.services.securitywebapi.test.dll" id="d820706b-156c-3c4e-71a7-f2fc662affb1">
      <Description>[API] POST api/Users/{accountNumber}/ServiceUsers: Endpoint returns 400 if the request contains an invalid certificate</Description>
      <TestCategory>
        <TestCategoryItem TestCategory="SecurityWebApi_Service" />
        <TestCategoryItem TestCategory="P1" />
        <TestCategoryItem TestCategory="AutoBVT" />
      </TestCategory>
      <Execution id="ae5b0e09-4cec-40ce-a58f-b71be495d1e8" />
      <Workitems>
        <Workitem>628102</Workitem>
      </Workitems>
      <Properties>
        <Property>
          <Key>__Internal_AsyncTypeName__</Key>
          <Value>Laminar.Automation.Services.SecurityWebApi.Test.TestMethods.UserEndPointsTest+&lt;SecurityWebApi_UsersEndpoint_PostServiceUsers_Returns400When_RequestContainsInvalidCertificate_628102&gt;d__129</Value>
        </Property>
      </Properties>
      <TestMethod codeBase="C:/NGVL/SQA/Automation/Main/Laminar.Automation/Laminar.Automation.Services.SecurityWebApi.Test/bin/Debug/Laminar.Automation.Services.SecurityWebApi.Test.DLL" adapterTypeName="Microsoft.VisualStudio.TestTools.TestTypes.Unit.UnitTestAdapter, Microsoft.VisualStudio.QualityTools.Tips.UnitTest.Adapter, Version=12.0.0.0, Culture=neutral, PublicKeyToken=b03f5f7f11d50a3a" className="Laminar.Automation.Services.SecurityWebApi.Test.TestMethods.UserEndPointsTest, Laminar.Automation.Services.SecurityWebApi.Test, Version=1.0.0.0, Culture=neutral, PublicKeyToken=null" name="SecurityWebApi_UsersEndpoint_PostServiceUsers_Returns400When_RequestContainsInvalidCertificate_628102" />
    </UnitTest>
[...]
</StackTrace>
        </ErrorInfo>
      </Output>
    </UnitTestResult>
    <UnitTestResult executionId="faf42d3b-f4de-4f89-ba27-8378015ddbb7" testId="39cf40e3-35e0-609f-475e-ff3302fa70ca" testName="SecurityWebApi_UsersEndpoint_GetServiceUsers_Returns404When_AccountHasNoServiceUsers_607333" computerName="ARAMK2" duration="00:00:01.0438820" startTime="2015-08-27T16:37:24.4516544-07:00" endTime="2015-08-27T16:37:25.4984019-07:00" testType="13cdc9d9-ddb5-4fa4-a97d-d965ccfc6d4b" outcome="Failed" testListId="8c84fa94-04c1-424b-9868-57a2d4851a1d" relativeResultsDirectory="faf42d3b-f4de-4f89-ba27-8378015ddbb7">
      <Output>
        <DebugTrace>Info::  CorrelationId:c0dd81d4-3ada-4655-a4b6-30fc46d3454b
QTAgent32.exe Information: 0 : === Token Acquisition started. Correlation ID: 2a041735-9d15-4b65-927d-93c9880f750b
QTAgent32.exe Information: 0 : A matching token was found in the cache. Correlation ID: 2a041735-9d15-4b65-927d-93c9880f750b
QTAgent32.exe Information: 0 : Access Token with hash 'o0kfjlwG1gnGj3n+Rhd8K6QrWIpHiQSxZ+09iq1Ygs8=' and Refresh Token with hash '7YDQz1EWVfqImjhL9GBHzYHIAZfFwyOEzdY4LoOrwJM=' returned. Correlation ID: 2a041735-9d15-4b65-927d-93c9880f750b
</DebugTrace>
        <ErrorInfo>
          <Message>Assert.AreEqual failed. Expected:&lt;Passed&gt;. Actual:&lt;Failed&gt;. </Message>
          <StackTrace>   at Glider.Logger.Logger.EndTestCase(ProductStudioConfiguration psDetail, Boolean assertTest)
   at Glider.Logger.Logger.EndTestCase(Boolean assertTest)
   at Glider.TestClassBase.TestCleanUp()
</StackTrace>
        </ErrorInfo>
      </Output>
    </UnitTestResult>
    <UnitTestResult executionId="7856dc36-8356-4c41-bfee-c082b8a810f9" testId="5e290a5a-41c1-d408-0129-36b4636585c7" testName="SecurityWebApi_UsersEndpoint_GetServiceUsers_Returns404When_AccountNumberIsInvalid_607329" computerName="ARAMK2" duration="00:00:00.6425961" startTime="2015-08-27T16:37:25.5034061-07:00" endTime="2015-08-27T16:37:26.1480788-07:00" testType="13cdc9d9-ddb5-4fa4-a97d-d965ccfc6d4b" outcome="Failed" testListId="8c84fa94-04c1-424b-9868-57a2d4851a1d" relativeResultsDirectory="7856dc36-8356-4c41-bfee-c082b8a810f9">
      <Output>
        <DebugTrace>Info::  CorrelationId:7715ec98-3898-4956-93f1-bfadf87de56e
QTAgent32.exe Information: 0 : === Token Acquisition started. Correlation ID: 476a1876-043f-401f-af45-4df482091c6e
QTAgent32.exe Information: 0 : A matching token was found in the cache. Correlation ID: 476a1876-043f-401f-af45-4df482091c6e
QTAgent32.exe Information: 0 : Access Token with hash 'o0kfjlwG1gnGj3n+Rhd8K6QrWIpHiQSxZ+09iq1Ygs8=' and Refresh Token with hash '7YDQz1EWVfqImjhL9GBHzYHIAZfFwyOEzdY4LoOrwJM=' returned. Correlation ID: 476a1876-043f-401f-af45-4df482091c6e
</DebugTrace>
        <ErrorInfo>
          <Message>Assert.AreEqual failed. Expected:&lt;Passed&gt;. Actual:&lt;Failed&gt;. </Message>
          <StackTrace>   at Glider.Logger.Logger.EndTestCase(ProductStudioConfiguration psDetail, Boolean assertTest)
   at Glider.Logger.Logger.EndTestCase(Boolean assertTest)
   at Glider.TestClassBase.TestCleanUp()
</StackTrace>
        </ErrorInfo>
      </Output>
    </UnitTestResult>
    <UnitTestResult executionId="a3799d62-16ad-4d97-8db8-a11ea23e34bf" testId="739d54ce-014d-5f85-9e78-a55d27586755" testName="SecurityWebApi_UsersEndpoint_GetServiceUsers_Returns404When_UserHasNoAccessToAccount_622715" computerName="ARAMK2" duration="00:00:00.6739648" startTime="2015-08-27T16:37:26.1510812-07:00" endTime="2015-08-27T16:37:26.8265692-07:00" testType="13cdc9d9-ddb5-4fa4-a97d-d965ccfc6d4b" outcome="Failed" testListId="8c84fa94-04c1-424b-9868-57a2d4851a1d" relativeResultsDirectory="a3799d62-16ad-4d97-8db8-a11ea23e34bf">
      <Output>
        <DebugTrace>Info::  CorrelationId:23bfcfa6-dcc9-47d5-b4f6-d8a281f993a7
QTAgent32.exe Information: 0 : === Token Acquisition started. Correlation ID: b17df526-dc61-4f33-a451-75198ff32bec
QTAgent32.exe Information: 0 : A matching token was found in the cache. Correlation ID: b17df526-dc61-4f33-a451-75198ff32bec
QTAgent32.exe Information: 0 : Access Token with hash 'o0kfjlwG1gnGj3n+Rhd8K6QrWIpHiQSxZ+09iq1Ygs8=' and Refresh Token with hash '7YDQz1EWVfqImjhL9GBHzYHIAZfFwyOEzdY4LoOrwJM=' returned. Correlation ID: b17df526-dc61-4f33-a451-75198ff32bec
</DebugTrace>
        <ErrorInfo>
          <Message>Assert.AreEqual failed. Expected:&lt;Passed&gt;. Actual:&lt;Failed&gt;. </Message>
          <StackTrace>   at Glider.Logger.Logger.EndTestCase(ProductStudioConfiguration psDetail, Boolean assertTest)
   at Glider.Logger.Logger.EndTestCase(Boolean assertTest)
   at Glider.TestClassBase.TestCleanUp()
</StackTrace>
        </ErrorInfo>
      </Output>
    </UnitTestResult>
    <UnitTestResult executionId="46f2c6e2-7a6e-4b2d-9ccb-f6dc0af54e14" testId="5aea8839-14d7-5f34-03f3-2a0896d7994c" testName="SecurityWebApi_UsersEndpoint_PostServiceUsers_Returns_objectID_607335" computerName="ARAMK2" duration="00:00:00.0101722" startTime="2015-08-27T16:37:26.8295534-07:00" endTime="2015-08-27T16:37:26.8415626-07:00" testType="13cdc9d9-ddb5-4fa4-a97d-d965ccfc6d4b" outcome="Failed" testListId="8c84fa94-04c1-424b-9868-57a2d4851a1d" relativeResultsDirectory="46f2c6e2-7a6e-4b2d-9ccb-f6dc0af54e14">
      <Output>
        <DebugTrace>Info::  CorrelationId:33479c59-a554-42b4-8e97-3972d4c54f3c
</DebugTrace>
        <ErrorInfo>
          <Message>Test method Laminar.Automation.Services.SecurityWebApi.Test.TestMethods.UserEndPointsTest.SecurityWebApi_UsersEndpoint_PostServiceUsers_Returns_objectID_607335 threw exception: 
Glider.Exceptions.DataNotAvailableException: Data is not available from data pool for accountNumber under entity PartnerAgreementCreator.
Assert.AreEqual failed. Expected:&lt;Passed&gt;. Actual:&lt;Failed&gt;. </Message>
          <StackTrace>    at Glider.DataPool.Data.DataPoolStore.Read(String entityName, String fieldName)
   at Laminar.Automation.Services.SecurityWebApi.Test.TestMethods.UserEndPointsTest.&lt;SecurityWebApi_UsersEndpoint_PostServiceUsers_Returns_objectID_607335&gt;d__f0.MoveNext() in c:\NGVL\SQA\Automation\Main\Laminar.Automation\Laminar.Automation.Services.SecurityWebApi.Test\TestMethods\UserEndpointTest.cs:line 856
--- End of stack trace from previous location where exception was thrown ---
   at System.Runtime.CompilerServices.TaskAwaiter.ThrowForNonSuccess(Task task)
   at System.Runtime.CompilerServices.TaskAwaiter.HandleNonSuccessAndDebuggerNotification(Task task)
   at System.Runtime.CompilerServices.TaskAwaiter.GetResult()

TestCleanup Stack Trace
   at Glider.Logger.Logger.EndTestCase(ProductStudioConfiguration psDetail, Boolean assertTest)
   at Glider.Logger.Logger.EndTestCase(Boolean assertTest)
   at Glider.TestClassBase.TestCleanUp()
</StackTrace>
        </ErrorInfo>
      </Output>
    </UnitTestResult>
    <UnitTestResult executionId="5ae184ee-fe9a-4301-9c53-bccbcf46f851" testId="ce9164a5-4930-d778-7ec2-fee5941e2d2e" testName="SecurityWebApi_UsersEndpoint_PostServiceUsers_Returns400When_AnyRequiredParameterIsMissingInRequest_607338" computerName="ARAMK2" duration="00:00:00.0150728" startTime="2015-08-27T16:37:26.8445644-07:00" endTime="2015-08-27T16:37:26.8625773-07:00" testType="13cdc9d9-ddb5-4fa4-a97d-d965ccfc6d4b" outcome="Failed" testListId="8c84fa94-04c1-424b-9868-57a2d4851a1d" relativeResultsDirectory="5ae184ee-fe9a-4301-9c53-bccbcf46f851">
      <Output>
        <DebugTrace>Info::  CorrelationId:3464c2c2-a500-47dd-935d-6d75c0664625
</DebugTrace>
        <ErrorInfo>
          <Message>Test method Laminar.Automation.Services.SecurityWebApi.Test.TestMethods.UserEndPointsTest.SecurityWebApi_UsersEndpoint_PostServiceUsers_Returns400When_AnyRequiredParameterIsMissingInRequest_607338 threw exception: 
Glider.Exceptions.DataNotAvailableException: Data is not available from data pool for accountNumber under entity PartnerAgreementCreator.
Assert.AreEqual failed. Expected:&lt;Passed&gt;. Actual:&lt;Failed&gt;. </Message>
          <StackTrace>    at Glider.DataPool.Data.DataPoolStore.Read(String entityName, String fieldName)
   at Laminar.Automation.Services.SecurityWebApi.Test.TestMethods.UserEndPointsTest.&lt;SecurityWebApi_UsersEndpoint_PostServiceUsers_Returns400When_AnyRequiredParameterIsMissingInRequest_607338&gt;d__108.MoveNext() in c:\NGVL\SQA\Automation\Main\Laminar.Automation\Laminar.Automation.Services.SecurityWebApi.Test\TestMethods\UserEndpointTest.cs:line 919
--- End of stack trace from previous location where exception was thrown ---
   at System.Runtime.CompilerServices.TaskAwaiter.ThrowForNonSuccess(Task task)
   at System.Runtime.CompilerServices.TaskAwaiter.HandleNonSuccessAndDebuggerNotification(Task task)
   at System.Runtime.CompilerServices.TaskAwaiter.GetResult()

TestCleanup Stack Trace
   at Glider.Logger.Logger.EndTestCase(ProductStudioConfiguration psDetail, Boolean assertTest)
   at Glider.Logger.Logger.EndTestCase(Boolean assertTest)
   at Glider.TestClassBase.TestCleanUp()
</StackTrace>
        </ErrorInfo>
      </Output>
    </UnitTestResult>
    <UnitTestResult executionId="a80ae0d9-9e0f-4648-9244-491db081793c" testId="d3a0bef8-b851-5122-4a32-a971a67cf886" testName="SecurityWebApi_UsersEndpoint_PostServiceUsers_Returns400When_RequestContainsExpiredCertificate_628103" computerName="ARAMK2" duration="00:00:00.0097658" startTime="2015-08-27T16:37:26.8645787-07:00" endTime="2015-08-27T16:37:26.8766046-07:00" testType="13cdc9d9-ddb5-4fa4-a97d-d965ccfc6d4b" outcome="Failed" testListId="8c84fa94-04c1-424b-9868-57a2d4851a1d" relativeResultsDirectory="a80ae0d9-9e0f-4648-9244-491db081793c">
      <Output>
        <DebugTrace>Info::  CorrelationId:8bc42194-5cf0-45ad-80e6-05904075f730
</DebugTrace>
        <ErrorInfo>
          <Message>Test method Laminar.Automation.Services.SecurityWebApi.Test.TestMethods.UserEndPointsTest.SecurityWebApi_UsersEndpoint_PostServiceUsers_Returns400When_RequestContainsExpiredCertificate_628103 threw exception: 
Glider.Exceptions.DataNotAvailableException: Data is not available from data pool for ExpiredCertificateAsBase64String under entity B2BCertificate.
Assert.AreEqual failed. Expected:&lt;Passed&gt;. Actual:&lt;Failed&gt;. </Message>
          <StackTrace>    at Glider.DataPool.Data.DataPoolStore.Read(String entityName, String fieldName)
   at Laminar.Automation.Services.SecurityWebApi.Test.TestMethods.UserEndPointsTest.&lt;SecurityWebApi_UsersEndpoint_PostServiceUsers_Returns400When_RequestContainsExpiredCertificate_628103&gt;d__134.MoveNext() in c:\NGVL\SQA\Automation\Main\Laminar.Automation\Laminar.Automation.Services.SecurityWebApi.Test\TestMethods\UserEndpointTest.cs:line 1057
--- End of stack trace from previous location where exception was thrown ---
   at System.Runtime.CompilerServices.TaskAwaiter.ThrowForNonSuccess(Task task)
   at System.Runtime.CompilerServices.TaskAwaiter.HandleNonSuccessAndDebuggerNotification(Task task)
   at System.Runtime.CompilerServices.TaskAwaiter.GetResult()

TestCleanup Stack Trace
   at Glider.Logger.Logger.EndTestCase(ProductStudioConfiguration psDetail, Boolean assertTest)
   at Glider.Logger.Logger.EndTestCase(Boolean assertTest)
   at Glider.TestClassBase.TestCleanUp()
</StackTrace>
        </ErrorInfo>
      </Output>
    </UnitTestResult>
    <UnitTestResult executionId="ae5b0e09-4cec-40ce-a58f-b71be495d1e8" testId="d820706b-156c-3c4e-71a7-f2fc662affb1" testName="SecurityWebApi_UsersEndpoint_PostServiceUsers_Returns400When_RequestContainsInvalidCertificate_628102" computerName="ARAMK2" duration="00:00:00.0085624" startTime="2015-08-27T16:37:26.8795894-07:00" endTime="2015-08-27T16:37:26.8895963-07:00" testType="13cdc9d9-ddb5-4fa4-a97d-d965ccfc6d4b" outcome="Failed" testListId="8c84fa94-04c1-424b-9868-57a2d4851a1d" relativeResultsDirectory="ae5b0e09-4cec-40ce-a58f-b71be495d1e8">
      <Output>
        <DebugTrace>Info::  CorrelationId:38e04865-a7e2-4416-883a-6d4d80da704c
</DebugTrace>
        <ErrorInfo>
          <Message>Test method Laminar.Automation.Services.SecurityWebApi.Test.TestMethods.UserEndPointsTest.SecurityWebApi_UsersEndpoint_PostServiceUsers_Returns400When_RequestContainsInvalidCertificate_628102 threw exception: 
Glider.Exceptions.DataNotAvailableException: Data is not available from data pool for InvalidCertificateAsBase64String under entity B2BCertificate.
Assert.AreEqual failed. Expected:&lt;Passed&gt;. Actual:&lt;Failed&gt;. </Message>
          <StackTrace>    at Glider.DataPool.Data.DataPoolStore.Read(String entityName, String fieldName)
   at Laminar.Automation.Services.SecurityWebApi.Test.TestMethods.UserEndPointsTest.&lt;SecurityWebApi_UsersEndpoint_PostServiceUsers_Returns400When_RequestContainsInvalidCertificate_628102&gt;d__129.MoveNext() in c:\NGVL\SQA\Automation\Main\Laminar.Automation\Laminar.Automation.Services.SecurityWebApi.Test\TestMethods\UserEndpointTest.cs:line 1027
--- End of stack trace from previous location where exception was thrown ---
   at System.Runtime.CompilerServices.TaskAwaiter.ThrowForNonSuccess(Task task)
   at System.Runtime.CompilerServices.TaskAwaiter.HandleNonSuccessAndDebuggerNotification(Task task)
   at System.Runtime.CompilerServices.TaskAwaiter.GetResult()

TestCleanup Stack Trace
   at Glider.Logger.Logger.EndTestCase(ProductStudioConfiguration psDetail, Boolean assertTest)
   at Glider.Logger.Logger.EndTestCase(Boolean assertTest)
   at Glider.TestClassBase.TestCleanUp()
</StackTrace>
        </ErrorInfo>
      </Output>
    </UnitTestResult>
    <UnitTestResult executionId="31de8c2b-4f1b-4c79-9966-8ee4726e7198" testId="9ce4f067-dd9c-d9ec-bbbd-a70c278d46cf" testName="SecurityWebApi_UsersEndpoint_PostServiceUsers_Returns401When_UserHasNoAccessToEndpoint_625140" computerName="ARAMK2" duration="00:00:00.0084447" startTime="2015-08-27T16:37:26.8925984-07:00" endTime="2015-08-27T16:37:26.9036066-07:00" testType="13cdc9d9-ddb5-4fa4-a97d-d965ccfc6d4b" outcome="Failed" testListId="8c84fa94-04c1-424b-9868-57a2d4851a1d" relativeResultsDirectory="31de8c2b-4f1b-4c79-9966-8ee4726e7198">
      <Output>
        <DebugTrace>Info::  CorrelationId:9e4d2242-bc7f-4cac-92b2-db8fad0b3fc0
</DebugTrace>
        <ErrorInfo>
          <Message>Test method Laminar.Automation.Services.SecurityWebApi.Test.TestMethods.UserEndPointsTest.SecurityWebApi_UsersEndpoint_PostServiceUsers_Returns401When_UserHasNoAccessToEndpoint_625140 threw exception: 
Glider.Exceptions.DataNotAvailableException: Data is not available from data pool for accountNumber under entity PartnerAgreementCreator.
Assert.AreEqual failed. Expected:&lt;Passed&gt;. Actual:&lt;Failed&gt;. </Message>
          <StackTrace>    at Glider.DataPool.Data.DataPoolStore.Read(String entityName, String fieldName)
   at Laminar.Automation.Services.SecurityWebApi.Test.TestMethods.UserEndPointsTest.&lt;SecurityWebApi_UsersEndpoint_PostServiceUsers_Returns401When_UserHasNoAccessToEndpoint_625140&gt;d__113.MoveNext() in c:\NGVL\SQA\Automation\Main\Laminar.Automation\Laminar.Automation.Services.SecurityWebApi.Test\TestMethods\UserEndpointTest.cs:line 965
--- End of stack trace from previous location where exception was thrown ---
   at System.Runtime.CompilerServices.TaskAwaiter.ThrowForNonSuccess(Task task)
   at System.Runtime.CompilerServices.TaskAwaiter.HandleNonSuccessAndDebuggerNotification(Task task)
   at System.Runtime.CompilerServices.TaskAwaiter.GetResult()

TestCleanup Stack Trace
   at Glider.Logger.Logger.EndTestCase(ProductStudioConfiguration psDetail, Boolean assertTest)
   at Glider.Logger.Logger.EndTestCase(Boolean assertTest)
   at Glider.TestClassBase.TestCleanUp()
</StackTrace>
        </ErrorInfo>
      </Output>
    </UnitTestResult>
    <UnitTestResult executionId="59cd1514-5755-4a41-b2f1-9d95cb9b9974" testId="1597e452-a800-586e-0482-8b11643b5dc8" testName="SecurityWebApi_UsersEndpoint_PostServiceUsers_Returns404When_AccountNumberDoesNotExists_607337" computerName="ARAMK2" duration="00:00:00.0089117" startTime="2015-08-27T16:37:26.9066087-07:00" endTime="2015-08-27T16:37:26.9196177-07:00" testType="13cdc9d9-ddb5-4fa4-a97d-d965ccfc6d4b" outcome="Failed" testListId="8c84fa94-04c1-424b-9868-57a2d4851a1d" relativeResultsDirectory="59cd1514-5755-4a41-b2f1-9d95cb9b9974">
      <Output>
        <DebugTrace>Info::  CorrelationId:6eb35447-be46-4032-873f-557e406350a3
</DebugTrace>
        <ErrorInfo>
          <Message>Test method Laminar.Automation.Services.SecurityWebApi.Test.TestMethods.UserEndPointsTest.SecurityWebApi_UsersEndpoint_PostServiceUsers_Returns404When_AccountNumberDoesNotExists_607337 threw exception: 
Glider.Exceptions.DataNotAvailableException: Data is not available from data pool for CertificateAsBase64String under entity B2BCertificate.
Assert.AreEqual failed. Expected:&lt;Passed&gt;. Actual:&lt;Failed&gt;. </Message>
          <StackTrace>    at Glider.DataPool.Data.DataPoolStore.Read(String entityName, String fieldName)
   at Laminar.Automation.Services.SecurityWebApi.Test.TestMethods.UserEndPointsTest.&lt;SecurityWebApi_UsersEndpoint_PostServiceUsers_Returns404When_AccountNumberDoesNotExists_607337&gt;d__fd.MoveNext() in c:\NGVL\SQA\Automation\Main\Laminar.Automation\Laminar.Automation.Services.SecurityWebApi.Test\TestMethods\UserEndpointTest.cs:line 891
--- End of stack trace from previous location where exception was thrown ---
   at System.Runtime.CompilerServices.TaskAwaiter.ThrowForNonSuccess(Task task)
   at System.Runtime.CompilerServices.TaskAwaiter.HandleNonSuccessAndDebuggerNotification(Task task)
   at System.Runtime.CompilerServices.TaskAwaiter.GetResult()

TestCleanup Stack Trace
   at Glider.Logger.Logger.EndTestCase(ProductStudioConfiguration psDetail, Boolean assertTest)
   at Glider.Logger.Logger.EndTestCase(Boolean assertTest)
   at Glider.TestClassBase.TestCleanUp()
</StackTrace>
        </ErrorInfo>
      </Output>
    </UnitTestResult>
    <UnitTestResult executionId="cbfbf77a-70e9-436c-b0ba-6a6de0c52864" testId="702791ad-811e-f9df-3c4c-f8cf9065b5ff" testName="SecurityWebApi_UsersEndpoint_PostServiceUsers_Returns404When_UserHasNoAccessToAccount_622716" computerName="ARAMK2" duration="00:00:00.0094717" startTime="2015-08-27T16:37:26.9276241-07:00" endTime="2015-08-27T16:37:26.9406334-07:00" testType="13cdc9d9-ddb5-4fa4-a97d-d965ccfc6d4b" outcome="Failed" testListId="8c84fa94-04c1-424b-9868-57a2d4851a1d" relativeResultsDirectory="cbfbf77a-70e9-436c-b0ba-6a6de0c52864">
      <Output>
        <DebugTrace>Info::  CorrelationId:7115c847-604e-49de-a90e-38227f5fa83a
</DebugTrace>
        <ErrorInfo>
          <Message>Test method Laminar.Automation.Services.SecurityWebApi.Test.TestMethods.UserEndPointsTest.SecurityWebApi_UsersEndpoint_PostServiceUsers_Returns404When_UserHasNoAccessToAccount_622716 threw exception: 
Glider.Exceptions.DataNotAvailableException: Data is not available from data pool for CertificateAsBase64String under entity B2BCertificate.
Assert.AreEqual failed. Expected:&lt;Passed&gt;. Actual:&lt;Failed&gt;. </Message>
          <StackTrace>    at Glider.DataPool.Data.DataPoolStore.Read(String entityName, String fieldName)
   at Laminar.Automation.Services.SecurityWebApi.Test.TestMethods.UserEndPointsTest.&lt;SecurityWebApi_UsersEndpoint_PostServiceUsers_Returns404When_UserHasNoAccessToAccount_622716&gt;d__11e.MoveNext() in c:\NGVL\SQA\Automation\Main\Laminar.Automation\Laminar.Automation.Services.SecurityWebApi.Test\TestMethods\UserEndpointTest.cs:line 997
--- End of stack trace from previous location where exception was thrown ---
   at System.Runtime.CompilerServices.TaskAwaiter.ThrowForNonSuccess(Task task)
   at System.Runtime.CompilerServices.TaskAwaiter.HandleNonSuccessAndDebuggerNotification(Task task)
   at System.Runtime.CompilerServices.TaskAwaiter.GetResult()

TestCleanup Stack Trace
   at Glider.Logger.Logger.EndTestCase(ProductStudioConfiguration psDetail, Boolean assertTest)
   at Glider.Logger.Logger.EndTestCase(Boolean assertTest)
   at Glider.TestClassBase.TestCleanUp()
</StackTrace>
        </ErrorInfo>
      </Output>
    </UnitTestResult>
  </Results>
</TestRun>